1570189882165	mozrunner::runner	INFO	Running command: "/usr/bin/firefox" "-marionette" "-foreground" "-no-remote" "-profile" "/tmp/rust_mozprofile92lzvY"
1570189882720	addons.webextension.screenshots@mozilla.org	WARN	Loading extension 'screenshots@mozilla.org': Reading manifest: Invalid extension permission: mozillaAddons
1570189882721	addons.webextension.screenshots@mozilla.org	WARN	Loading extension 'screenshots@mozilla.org': Reading manifest: Invalid extension permission: telemetry
1570189882721	addons.webextension.screenshots@mozilla.org	WARN	Loading extension 'screenshots@mozilla.org': Reading manifest: Invalid extension permission: resource://pdf.js/
1570189882722	addons.webextension.screenshots@mozilla.org	WARN	Loading extension 'screenshots@mozilla.org': Reading manifest: Invalid extension permission: about:reader*
1570189885249	Marionette	INFO	Listening on port 38227
1570189885290	Marionette	WARN	TLS certificate errors will be ignored for this session
1570189933253	mozrunner::runner	INFO	Running command: "/usr/bin/firefox" "-marionette" "-foreground" "-no-remote" "-profile" "/tmp/rust_mozprofileV7zSuu"
1570189933801	addons.webextension.screenshots@mozilla.org	WARN	Loading extension 'screenshots@mozilla.org': Reading manifest: Invalid extension permission: mozillaAddons
1570189933801	addons.webextension.screenshots@mozilla.org	WARN	Loading extension 'screenshots@mozilla.org': Reading manifest: Invalid extension permission: telemetry
1570189933801	addons.webextension.screenshots@mozilla.org	WARN	Loading extension 'screenshots@mozilla.org': Reading manifest: Invalid extension permission: resource://pdf.js/
1570189933801	addons.webextension.screenshots@mozilla.org	WARN	Loading extension 'screenshots@mozilla.org': Reading manifest: Invalid extension permission: about:reader*
1570189936439	Marionette	INFO	Listening on port 35553
1570189936468	Marionette	WARN	TLS certificate errors will be ignored for this session
1570190068378	mozrunner::runner	INFO	Running command: "/usr/bin/firefox" "-marionette" "-foreground" "-no-remote" "-profile" "/tmp/rust_mozprofile3FpTL0"
1570190068930	addons.webextension.screenshots@mozilla.org	WARN	Loading extension 'screenshots@mozilla.org': Reading manifest: Invalid extension permission: mozillaAddons
1570190068930	addons.webextension.screenshots@mozilla.org	WARN	Loading extension 'screenshots@mozilla.org': Reading manifest: Invalid extension permission: telemetry
1570190068930	addons.webextension.screenshots@mozilla.org	WARN	Loading extension 'screenshots@mozilla.org': Reading manifest: Invalid extension permission: resource://pdf.js/
1570190068930	addons.webextension.screenshots@mozilla.org	WARN	Loading extension 'screenshots@mozilla.org': Reading manifest: Invalid extension permission: about:reader*
1570190071497	Marionette	INFO	Listening on port 38099
1570190071589	Marionette	WARN	TLS certificate errors will be ignored for this session
1570190283024	mozrunner::runner	INFO	Running command: "/usr/bin/firefox" "-marionette" "-foreground" "-no-remote" "-profile" "/tmp/rust_mozprofilexFJjJ3"
1570190283584	addons.webextension.screenshots@mozilla.org	WARN	Loading extension 'screenshots@mozilla.org': Reading manifest: Invalid extension permission: mozillaAddons
1570190283584	addons.webextension.screenshots@mozilla.org	WARN	Loading extension 'screenshots@mozilla.org': Reading manifest: Invalid extension permission: telemetry
1570190283584	addons.webextension.screenshots@mozilla.org	WARN	Loading extension 'screenshots@mozilla.org': Reading manifest: Invalid extension permission: resource://pdf.js/
1570190283584	addons.webextension.screenshots@mozilla.org	WARN	Loading extension 'screenshots@mozilla.org': Reading manifest: Invalid extension permission: about:reader*
1570190286221	Marionette	INFO	Listening on port 43881
1570190286242	Marionette	WARN	TLS certificate errors will be ignored for this session
1570190495609	mozrunner::runner	INFO	Running command: "/usr/bin/firefox" "-marionette" "-foreground" "-no-remote" "-profile" "/tmp/rust_mozprofileld3A1E"
1570190496205	addons.webextension.screenshots@mozilla.org	WARN	Loading extension 'screenshots@mozilla.org': Reading manifest: Invalid extension permission: mozillaAddons
1570190496206	addons.webextension.screenshots@mozilla.org	WARN	Loading extension 'screenshots@mozilla.org': Reading manifest: Invalid extension permission: telemetry
1570190496206	addons.webextension.screenshots@mozilla.org	WARN	Loading extension 'screenshots@mozilla.org': Reading manifest: Invalid extension permission: resource://pdf.js/
1570190496206	addons.webextension.screenshots@mozilla.org	WARN	Loading extension 'screenshots@mozilla.org': Reading manifest: Invalid extension permission: about:reader*
1570190499023	Marionette	INFO	Listening on port 42427
1570190499119	Marionette	WARN	TLS certificate errors will be ignored for this session
1570190560539	mozrunner::runner	INFO	Running command: "/usr/bin/firefox" "-marionette" "-foreground" "-no-remote" "-profile" "/tmp/rust_mozprofiled7zt2Q"
1570190561280	addons.webextension.screenshots@mozilla.org	WARN	Loading extension 'screenshots@mozilla.org': Reading manifest: Invalid extension permission: mozillaAddons
1570190561283	addons.webextension.screenshots@mozilla.org	WARN	Loading extension 'screenshots@mozilla.org': Reading manifest: Invalid extension permission: telemetry
1570190561286	addons.webextension.screenshots@mozilla.org	WARN	Loading extension 'screenshots@mozilla.org': Reading manifest: Invalid extension permission: resource://pdf.js/
1570190561286	addons.webextension.screenshots@mozilla.org	WARN	Loading extension 'screenshots@mozilla.org': Reading manifest: Invalid extension permission: about:reader*
1570190564504	Marionette	INFO	Listening on port 45703
1570190564553	Marionette	WARN	TLS certificate errors will be ignored for this session
1570191233282	mozrunner::runner	INFO	Running command: "/usr/bin/firefox" "-marionette" "-foreground" "-no-remote" "-profile" "/tmp/rust_mozprofileKcWleg"
1570191234005	addons.webextension.screenshots@mozilla.org	WARN	Loading extension 'screenshots@mozilla.org': Reading manifest: Invalid extension permission: mozillaAddons
1570191234005	addons.webextension.screenshots@mozilla.org	WARN	Loading extension 'screenshots@mozilla.org': Reading manifest: Invalid extension permission: telemetry
1570191234006	addons.webextension.screenshots@mozilla.org	WARN	Loading extension 'screenshots@mozilla.org': Reading manifest: Invalid extension permission: resource://pdf.js/
1570191234006	addons.webextension.screenshots@mozilla.org	WARN	Loading extension 'screenshots@mozilla.org': Reading manifest: Invalid extension permission: about:reader*
1570191238073	Marionette	INFO	Listening on port 34979
1570191238107	Marionette	WARN	TLS certificate errors will be ignored for this session
JavaScript error: resource://gre/modules/XULStore.jsm, line 66: Error: Can't find profile directory.
1570191392601	mozrunner::runner	INFO	Running command: "/usr/bin/firefox" "-marionette" "-foreground" "-no-remote" "-profile" "/tmp/rust_mozprofilekMUogM"
1570191393312	addons.webextension.screenshots@mozilla.org	WARN	Loading extension 'screenshots@mozilla.org': Reading manifest: Invalid extension permission: mozillaAddons
1570191393312	addons.webextension.screenshots@mozilla.org	WARN	Loading extension 'screenshots@mozilla.org': Reading manifest: Invalid extension permission: telemetry
1570191393312	addons.webextension.screenshots@mozilla.org	WARN	Loading extension 'screenshots@mozilla.org': Reading manifest: Invalid extension permission: resource://pdf.js/
1570191393312	addons.webextension.screenshots@mozilla.org	WARN	Loading extension 'screenshots@mozilla.org': Reading manifest: Invalid extension permission: about:reader*
1570191396846	Marionette	INFO	Listening on port 36937
1570191396916	Marionette	WARN	TLS certificate errors will be ignored for this session
JavaScript warning: https://flights-uk.gotogate.com/d/979/1i9-1hy-1hv-1ie-1hu-43p-1he-1i1-1hf-1qa-1im-1ih-1if-1i3-1i0-1i8-1i7-1i6-1ig-1i2-1el-1ia-1i4-1gp-1hx-1e2-5ns-1de_7601086_979_1.js, line 407: unreachable code after return statement
JavaScript warning: https://flights-uk.gotogate.com/d/979/1i9-1hy-1hv-1ie-1hu-43p-1he-1i1-1hf-1qa-1im-1ih-1if-1i3-1i0-1i8-1i7-1i6-1ig-1i2-1el-1ia-1i4-1gp-1hx-1e2-5ns-1de_7601086_979_1.js, line 1645: unreachable code after return statement
JavaScript error: https://flights-uk.gotogate.com/v/979/106000/system/jslib/require/require.js, line 68: Error: Script error
http://requirejs.org/docs/errors.html#scripterror
JavaScript warning: https://flights-uk.gotogate.com/flights, line 14: unreachable code after return statement
JavaScript warning: https://flights-uk.gotogate.com/flights, line 17: unreachable code after return statement
JavaScript warning: https://flights-uk.gotogate.com/flights, line 41: unreachable code after return statement
JavaScript warning: https://flights-uk.gotogate.com/flights, line 49: unreachable code after return statement
JavaScript warning: https://flights-uk.gotogate.com/flights, line 14: unreachable code after return statement
JavaScript warning: https://flights-uk.gotogate.com/flights, line 17: unreachable code after return statement
JavaScript warning: https://flights-uk.gotogate.com/flights, line 41: unreachable code after return statement
JavaScript warning: https://flights-uk.gotogate.com/flights, line 49: unreachable code after return statement
JavaScript warning: https://flights-uk.gotogate.com/d/979/1i9-1hy-1hv-1ie-1hu-43p-1he-1i1-1hf-1qa-1im-1ih-1if-1i3-1i0-1i8-1i7-1i6-1ig-1i2-1el-1ia-1i4-1gp-1hx-1e2-5ns-1de-3_7707279_979_1.js, line 407: unreachable code after return statement
JavaScript warning: https://flights-uk.gotogate.com/d/979/1i9-1hy-1hv-1ie-1hu-43p-1he-1i1-1hf-1qa-1im-1ih-1if-1i3-1i0-1i8-1i7-1i6-1ig-1i2-1el-1ia-1i4-1gp-1hx-1e2-5ns-1de-3_7707279_979_1.js, line 1645: unreachable code after return statement
JavaScript error: https://flights-uk.gotogate.com/v/979/106000/system/jslib/require/require.js, line 68: Error: Script error
http://requirejs.org/docs/errors.html#scripterror
JavaScript warning: https://flights-uk.gotogate.com/from/booking.com/air?ext-src=index&aid=304142&label=gen173nr-1FCAEoggI46AdIM1gEaFCIAQGYATG4ARnIAQ_YAQHoAQH4AQKIAgGoAgO4AqXw3OwFwAIB&ext-tr=2J0Xihm1oFhNQfVUGw4PjY79DiLufNSM9XYJ6kZm1hkxNTcwMTkxNDE3, line 14: unreachable code after return statement
JavaScript warning: https://flights-uk.gotogate.com/from/booking.com/air?ext-src=index&aid=304142&label=gen173nr-1FCAEoggI46AdIM1gEaFCIAQGYATG4ARnIAQ_YAQHoAQH4AQKIAgGoAgO4AqXw3OwFwAIB&ext-tr=2J0Xihm1oFhNQfVUGw4PjY79DiLufNSM9XYJ6kZm1hkxNTcwMTkxNDE3, line 17: unreachable code after return statement
JavaScript warning: https://flights-uk.gotogate.com/from/booking.com/air?ext-src=index&aid=304142&label=gen173nr-1FCAEoggI46AdIM1gEaFCIAQGYATG4ARnIAQ_YAQHoAQH4AQKIAgGoAgO4AqXw3OwFwAIB&ext-tr=2J0Xihm1oFhNQfVUGw4PjY79DiLufNSM9XYJ6kZm1hkxNTcwMTkxNDE3, line 41: unreachable code after return statement
JavaScript warning: https://flights-uk.gotogate.com/from/booking.com/air?ext-src=index&aid=304142&label=gen173nr-1FCAEoggI46AdIM1gEaFCIAQGYATG4ARnIAQ_YAQHoAQH4AQKIAgGoAgO4AqXw3OwFwAIB&ext-tr=2J0Xihm1oFhNQfVUGw4PjY79DiLufNSM9XYJ6kZm1hkxNTcwMTkxNDE3, line 49: unreachable code after return statement
JavaScript warning: https://flights-uk.gotogate.com/from/booking.com/air?ext-src=index&aid=304142&label=gen173nr-1FCAEoggI46AdIM1gEaFCIAQGYATG4ARnIAQ_YAQHoAQH4AQKIAgGoAgO4AqXw3OwFwAIB&ext-tr=2J0Xihm1oFhNQfVUGw4PjY79DiLufNSM9XYJ6kZm1hkxNTcwMTkxNDE3, line 14: unreachable code after return statement
JavaScript warning: https://flights-uk.gotogate.com/from/booking.com/air?ext-src=index&aid=304142&label=gen173nr-1FCAEoggI46AdIM1gEaFCIAQGYATG4ARnIAQ_YAQHoAQH4AQKIAgGoAgO4AqXw3OwFwAIB&ext-tr=2J0Xihm1oFhNQfVUGw4PjY79DiLufNSM9XYJ6kZm1hkxNTcwMTkxNDE3, line 17: unreachable code after return statement
JavaScript warning: https://flights-uk.gotogate.com/from/booking.com/air?ext-src=index&aid=304142&label=gen173nr-1FCAEoggI46AdIM1gEaFCIAQGYATG4ARnIAQ_YAQHoAQH4AQKIAgGoAgO4AqXw3OwFwAIB&ext-tr=2J0Xihm1oFhNQfVUGw4PjY79DiLufNSM9XYJ6kZm1hkxNTcwMTkxNDE3, line 41: unreachable code after return statement
JavaScript warning: https://flights-uk.gotogate.com/from/booking.com/air?ext-src=index&aid=304142&label=gen173nr-1FCAEoggI46AdIM1gEaFCIAQGYATG4ARnIAQ_YAQHoAQH4AQKIAgGoAgO4AqXw3OwFwAIB&ext-tr=2J0Xihm1oFhNQfVUGw4PjY79DiLufNSM9XYJ6kZm1hkxNTcwMTkxNDE3, line 49: unreachable code after return statement
JavaScript warning: https://flights-uk.gotogate.com/d/979/1i9-1hy-1hv-1ie-1hu-43p-1he-1i1-1hf-1qa-1im-1ih-1if-1i3-1i0-1i8-1i7-1i6-1ig-1i2-1el-1ia-1i4-1gp-1hx-1e2-5ns-1de_7601086_979_1.js, line 407: unreachable code after return statement
JavaScript warning: https://flights-uk.gotogate.com/d/979/1i9-1hy-1hv-1ie-1hu-43p-1he-1i1-1hf-1qa-1im-1ih-1if-1i3-1i0-1i8-1i7-1i6-1ig-1i2-1el-1ia-1i4-1gp-1hx-1e2-5ns-1de_7601086_979_1.js, line 1645: unreachable code after return statement
JavaScript error: https://flights-uk.gotogate.com/v/979/106000/system/jslib/require/require.js, line 68: Error: Script error
http://requirejs.org/docs/errors.html#scripterror
JavaScript warning: https://flights-uk.gotogate.com/flights, line 14: unreachable code after return statement
JavaScript warning: https://flights-uk.gotogate.com/flights, line 17: unreachable code after return statement
JavaScript warning: https://flights-uk.gotogate.com/flights, line 41: unreachable code after return statement
JavaScript warning: https://flights-uk.gotogate.com/flights, line 49: unreachable code after return statement
JavaScript warning: https://flights-uk.gotogate.com/flights, line 14: unreachable code after return statement
JavaScript warning: https://flights-uk.gotogate.com/flights, line 17: unreachable code after return statement
JavaScript warning: https://flights-uk.gotogate.com/flights, line 41: unreachable code after return statement
JavaScript warning: https://flights-uk.gotogate.com/flights, line 49: unreachable code after return statement
JavaScript warning: https://flights-uk.gotogate.com/d/979/1i9-1hy-1hv-1ie-1hu-43p-1he-1i1-1hf-1qa-1im-1ih-1if-1i3-1i0-1i8-1i7-1i6-1ig-1i2-1el-1ia-1i4-1gp-1hx-1e2-5ns-1de-3_7707279_979_1.js, line 407: unreachable code after return statement
JavaScript warning: https://flights-uk.gotogate.com/d/979/1i9-1hy-1hv-1ie-1hu-43p-1he-1i1-1hf-1qa-1im-1ih-1if-1i3-1i0-1i8-1i7-1i6-1ig-1i2-1el-1ia-1i4-1gp-1hx-1e2-5ns-1de-3_7707279_979_1.js, line 1645: unreachable code after return statement
JavaScript warning: https://flights-uk.gotogate.com/from/booking.com/air?ext-src=index&aid=304142&label=gen173nr-1FCAEoggI46AdIM1gEaFCIAQGYATG4ARnIAQ_YAQHoAQH4AQKIAgGoAgO4AqXw3OwFwAIB&ext-tr=2J0Xihm1oFhNQfVUGw4PjY79DiLufNSM9XYJ6kZm1hkxNTcwMTkxNDE3, line 14: unreachable code after return statement
JavaScript warning: https://flights-uk.gotogate.com/from/booking.com/air?ext-src=index&aid=304142&label=gen173nr-1FCAEoggI46AdIM1gEaFCIAQGYATG4ARnIAQ_YAQHoAQH4AQKIAgGoAgO4AqXw3OwFwAIB&ext-tr=2J0Xihm1oFhNQfVUGw4PjY79DiLufNSM9XYJ6kZm1hkxNTcwMTkxNDE3, line 17: unreachable code after return statement
JavaScript warning: https://flights-uk.gotogate.com/from/booking.com/air?ext-src=index&aid=304142&label=gen173nr-1FCAEoggI46AdIM1gEaFCIAQGYATG4ARnIAQ_YAQHoAQH4AQKIAgGoAgO4AqXw3OwFwAIB&ext-tr=2J0Xihm1oFhNQfVUGw4PjY79DiLufNSM9XYJ6kZm1hkxNTcwMTkxNDE3, line 41: unreachable code after return statement
JavaScript warning: https://flights-uk.gotogate.com/from/booking.com/air?ext-src=index&aid=304142&label=gen173nr-1FCAEoggI46AdIM1gEaFCIAQGYATG4ARnIAQ_YAQHoAQH4AQKIAgGoAgO4AqXw3OwFwAIB&ext-tr=2J0Xihm1oFhNQfVUGw4PjY79DiLufNSM9XYJ6kZm1hkxNTcwMTkxNDE3, line 49: unreachable code after return statement
JavaScript warning: https://flights-uk.gotogate.com/from/booking.com/air?ext-src=index&aid=304142&label=gen173nr-1FCAEoggI46AdIM1gEaFCIAQGYATG4ARnIAQ_YAQHoAQH4AQKIAgGoAgO4AqXw3OwFwAIB&ext-tr=2J0Xihm1oFhNQfVUGw4PjY79DiLufNSM9XYJ6kZm1hkxNTcwMTkxNDE3, line 14: unreachable code after return statement
JavaScript warning: https://flights-uk.gotogate.com/from/booking.com/air?ext-src=index&aid=304142&label=gen173nr-1FCAEoggI46AdIM1gEaFCIAQGYATG4ARnIAQ_YAQHoAQH4AQKIAgGoAgO4AqXw3OwFwAIB&ext-tr=2J0Xihm1oFhNQfVUGw4PjY79DiLufNSM9XYJ6kZm1hkxNTcwMTkxNDE3, line 17: unreachable code after return statement
JavaScript warning: https://flights-uk.gotogate.com/from/booking.com/air?ext-src=index&aid=304142&label=gen173nr-1FCAEoggI46AdIM1gEaFCIAQGYATG4ARnIAQ_YAQHoAQH4AQKIAgGoAgO4AqXw3OwFwAIB&ext-tr=2J0Xihm1oFhNQfVUGw4PjY79DiLufNSM9XYJ6kZm1hkxNTcwMTkxNDE3, line 41: unreachable code after return statement
JavaScript warning: https://flights-uk.gotogate.com/from/booking.com/air?ext-src=index&aid=304142&label=gen173nr-1FCAEoggI46AdIM1gEaFCIAQGYATG4ARnIAQ_YAQHoAQH4AQKIAgGoAgO4AqXw3OwFwAIB&ext-tr=2J0Xihm1oFhNQfVUGw4PjY79DiLufNSM9XYJ6kZm1hkxNTcwMTkxNDE3, line 49: unreachable code after return statement
JavaScript warning: https://flights-uk.gotogate.com/d/979/1i9-1hy-1hv-1ie-1hu-43p-1he-1i1-1hf-1qa-1im-1ih-1if-1i3-1i0-1i8-1i7-1i6-1ig-1i2-1el-1ia-1i4-1gp-1hx-1e2-5ns-1de_7601086_979_1.js, line 407: unreachable code after return statement
JavaScript warning: https://flights-uk.gotogate.com/d/979/1i9-1hy-1hv-1ie-1hu-43p-1he-1i1-1hf-1qa-1im-1ih-1if-1i3-1i0-1i8-1i7-1i6-1ig-1i2-1el-1ia-1i4-1gp-1hx-1e2-5ns-1de_7601086_979_1.js, line 1645: unreachable code after return statement
JavaScript error: https://flights-uk.gotogate.com/v/979/106000/system/jslib/require/require.js, line 68: Error: Script error
http://requirejs.org/docs/errors.html#scripterror
JavaScript warning: https://flights-uk.gotogate.com/flights, line 14: unreachable code after return statement
JavaScript warning: https://flights-uk.gotogate.com/flights, line 17: unreachable code after return statement
JavaScript warning: https://flights-uk.gotogate.com/flights, line 41: unreachable code after return statement
JavaScript warning: https://flights-uk.gotogate.com/flights, line 49: unreachable code after return statement
JavaScript warning: https://flights-uk.gotogate.com/flights, line 14: unreachable code after return statement
JavaScript warning: https://flights-uk.gotogate.com/flights, line 17: unreachable code after return statement
JavaScript warning: https://flights-uk.gotogate.com/flights, line 41: unreachable code after return statement
JavaScript warning: https://flights-uk.gotogate.com/flights, line 49: unreachable code after return statement
JavaScript warning: https://flights-uk.gotogate.com/d/979/1i9-1hy-1hv-1ie-1hu-43p-1he-1i1-1hf-1qa-1im-1ih-1if-1i3-1i0-1i8-1i7-1i6-1ig-1i2-1el-1ia-1i4-1gp-1hx-1e2-5ns-1de-3_7707279_979_1.js, line 407: unreachable code after return statement
JavaScript warning: https://flights-uk.gotogate.com/d/979/1i9-1hy-1hv-1ie-1hu-43p-1he-1i1-1hf-1qa-1im-1ih-1if-1i3-1i0-1i8-1i7-1i6-1ig-1i2-1el-1ia-1i4-1gp-1hx-1e2-5ns-1de-3_7707279_979_1.js, line 1645: unreachable code after return statement
JavaScript warning: https://flights-uk.gotogate.com/from/booking.com/air?ext-src=index&aid=304142&label=gen173nr-1FCAEoggI46AdIM1gEaFCIAQGYATG4ARnIAQ_YAQHoAQH4AQKIAgGoAgO4AqXw3OwFwAIB&ext-tr=2J0Xihm1oFhNQfVUGw4PjY79DiLufNSM9XYJ6kZm1hkxNTcwMTkxNDE3, line 14: unreachable code after return statement
JavaScript warning: https://flights-uk.gotogate.com/from/booking.com/air?ext-src=index&aid=304142&label=gen173nr-1FCAEoggI46AdIM1gEaFCIAQGYATG4ARnIAQ_YAQHoAQH4AQKIAgGoAgO4AqXw3OwFwAIB&ext-tr=2J0Xihm1oFhNQfVUGw4PjY79DiLufNSM9XYJ6kZm1hkxNTcwMTkxNDE3, line 17: unreachable code after return statement
JavaScript warning: https://flights-uk.gotogate.com/from/booking.com/air?ext-src=index&aid=304142&label=gen173nr-1FCAEoggI46AdIM1gEaFCIAQGYATG4ARnIAQ_YAQHoAQH4AQKIAgGoAgO4AqXw3OwFwAIB&ext-tr=2J0Xihm1oFhNQfVUGw4PjY79DiLufNSM9XYJ6kZm1hkxNTcwMTkxNDE3, line 41: unreachable code after return statement
JavaScript warning: https://flights-uk.gotogate.com/from/booking.com/air?ext-src=index&aid=304142&label=gen173nr-1FCAEoggI46AdIM1gEaFCIAQGYATG4ARnIAQ_YAQHoAQH4AQKIAgGoAgO4AqXw3OwFwAIB&ext-tr=2J0Xihm1oFhNQfVUGw4PjY79DiLufNSM9XYJ6kZm1hkxNTcwMTkxNDE3, line 49: unreachable code after return statement
JavaScript warning: https://flights-uk.gotogate.com/from/booking.com/air?ext-src=index&aid=304142&label=gen173nr-1FCAEoggI46AdIM1gEaFCIAQGYATG4ARnIAQ_YAQHoAQH4AQKIAgGoAgO4AqXw3OwFwAIB&ext-tr=2J0Xihm1oFhNQfVUGw4PjY79DiLufNSM9XYJ6kZm1hkxNTcwMTkxNDE3, line 14: unreachable code after return statement
JavaScript warning: https://flights-uk.gotogate.com/from/booking.com/air?ext-src=index&aid=304142&label=gen173nr-1FCAEoggI46AdIM1gEaFCIAQGYATG4ARnIAQ_YAQHoAQH4AQKIAgGoAgO4AqXw3OwFwAIB&ext-tr=2J0Xihm1oFhNQfVUGw4PjY79DiLufNSM9XYJ6kZm1hkxNTcwMTkxNDE3, line 17: unreachable code after return statement
JavaScript warning: https://flights-uk.gotogate.com/from/booking.com/air?ext-src=index&aid=304142&label=gen173nr-1FCAEoggI46AdIM1gEaFCIAQGYATG4ARnIAQ_YAQHoAQH4AQKIAgGoAgO4AqXw3OwFwAIB&ext-tr=2J0Xihm1oFhNQfVUGw4PjY79DiLufNSM9XYJ6kZm1hkxNTcwMTkxNDE3, line 41: unreachable code after return statement
JavaScript warning: https://flights-uk.gotogate.com/from/booking.com/air?ext-src=index&aid=304142&label=gen173nr-1FCAEoggI46AdIM1gEaFCIAQGYATG4ARnIAQ_YAQHoAQH4AQKIAgGoAgO4AqXw3OwFwAIB&ext-tr=2J0Xihm1oFhNQfVUGw4PjY79DiLufNSM9XYJ6kZm1hkxNTcwMTkxNDE3, line 49: unreachable code after return statement
JavaScript warning: https://flights-uk.gotogate.com/d/979/1i9-1hy-1hv-1ie-1hu-43p-1he-1i1-1hf-1qa-1im-1ih-1if-1i3-1i0-1i8-1i7-1i6-1ig-1i2-1el-1ia-1i4-1gp-1hx-1e2-5ns-1de_7601086_979_1.js, line 407: unreachable code after return statement
JavaScript warning: https://flights-uk.gotogate.com/d/979/1i9-1hy-1hv-1ie-1hu-43p-1he-1i1-1hf-1qa-1im-1ih-1if-1i3-1i0-1i8-1i7-1i6-1ig-1i2-1el-1ia-1i4-1gp-1hx-1e2-5ns-1de_7601086_979_1.js, line 1645: unreachable code after return statement
1570191812987	mozrunner::runner	INFO	Running command: "/usr/bin/firefox" "-marionette" "-foreground" "-no-remote" "-profile" "/tmp/rust_mozprofilez5BYEY"
1570191813706	addons.webextension.screenshots@mozilla.org	WARN	Loading extension 'screenshots@mozilla.org': Reading manifest: Invalid extension permission: mozillaAddons
1570191813707	addons.webextension.screenshots@mozilla.org	WARN	Loading extension 'screenshots@mozilla.org': Reading manifest: Invalid extension permission: telemetry
1570191813707	addons.webextension.screenshots@mozilla.org	WARN	Loading extension 'screenshots@mozilla.org': Reading manifest: Invalid extension permission: resource://pdf.js/
1570191813707	addons.webextension.screenshots@mozilla.org	WARN	Loading extension 'screenshots@mozilla.org': Reading manifest: Invalid extension permission: about:reader*
1570191817935	Marionette	INFO	Listening on port 39033
1570191818007	Marionette	WARN	TLS certificate errors will be ignored for this session
JavaScript error: resource://gre/modules/XULStore.jsm, line 66: Error: Can't find profile directory.
1570191837453	mozrunner::runner	INFO	Running command: "/usr/bin/firefox" "-marionette" "-foreground" "-no-remote" "-profile" "/tmp/rust_mozprofileW3CnqR"
1570191838300	addons.webextension.screenshots@mozilla.org	WARN	Loading extension 'screenshots@mozilla.org': Reading manifest: Invalid extension permission: mozillaAddons
1570191838301	addons.webextension.screenshots@mozilla.org	WARN	Loading extension 'screenshots@mozilla.org': Reading manifest: Invalid extension permission: telemetry
1570191838301	addons.webextension.screenshots@mozilla.org	WARN	Loading extension 'screenshots@mozilla.org': Reading manifest: Invalid extension permission: resource://pdf.js/
1570191838302	addons.webextension.screenshots@mozilla.org	WARN	Loading extension 'screenshots@mozilla.org': Reading manifest: Invalid extension permission: about:reader*
1570191842102	Marionette	INFO	Listening on port 45909
1570191842173	Marionette	WARN	TLS certificate errors will be ignored for this session
JavaScript error: resource://gre/modules/XULStore.jsm, line 66: Error: Can't find profile directory.
1570192656479	mozrunner::runner	INFO	Running command: "/usr/bin/firefox" "-marionette" "-foreground" "-no-remote" "-profile" "/tmp/rust_mozprofilegZVSfK"
1570192657398	addons.webextension.screenshots@mozilla.org	WARN	Loading extension 'screenshots@mozilla.org': Reading manifest: Invalid extension permission: mozillaAddons
1570192657398	addons.webextension.screenshots@mozilla.org	WARN	Loading extension 'screenshots@mozilla.org': Reading manifest: Invalid extension permission: telemetry
1570192657399	addons.webextension.screenshots@mozilla.org	WARN	Loading extension 'screenshots@mozilla.org': Reading manifest: Invalid extension permission: resource://pdf.js/
1570192657399	addons.webextension.screenshots@mozilla.org	WARN	Loading extension 'screenshots@mozilla.org': Reading manifest: Invalid extension permission: about:reader*
1570192661514	Marionette	INFO	Listening on port 43931
1570192661602	Marionette	WARN	TLS certificate errors will be ignored for this session
1570194311670	mozrunner::runner	INFO	Running command: "/usr/bin/firefox" "-marionette" "-foreground" "-no-remote" "-profile" "/tmp/rust_mozprofilefFPE33"
1570194312462	addons.webextension.screenshots@mozilla.org	WARN	Loading extension 'screenshots@mozilla.org': Reading manifest: Invalid extension permission: mozillaAddons
1570194312462	addons.webextension.screenshots@mozilla.org	WARN	Loading extension 'screenshots@mozilla.org': Reading manifest: Invalid extension permission: telemetry
1570194312463	addons.webextension.screenshots@mozilla.org	WARN	Loading extension 'screenshots@mozilla.org': Reading manifest: Invalid extension permission: resource://pdf.js/
1570194312463	addons.webextension.screenshots@mozilla.org	WARN	Loading extension 'screenshots@mozilla.org': Reading manifest: Invalid extension permission: about:reader*
1570194316902	Marionette	INFO	Listening on port 36589
1570194316989	Marionette	WARN	TLS certificate errors will be ignored for this session
1570194380433	mozrunner::runner	INFO	Running command: "/usr/bin/firefox" "-marionette" "-foreground" "-no-remote" "-profile" "/tmp/rust_mozprofileX9sPtj"
1570194381366	addons.webextension.screenshots@mozilla.org	WARN	Loading extension 'screenshots@mozilla.org': Reading manifest: Invalid extension permission: mozillaAddons
1570194381366	addons.webextension.screenshots@mozilla.org	WARN	Loading extension 'screenshots@mozilla.org': Reading manifest: Invalid extension permission: telemetry
1570194381367	addons.webextension.screenshots@mozilla.org	WARN	Loading extension 'screenshots@mozilla.org': Reading manifest: Invalid extension permission: resource://pdf.js/
1570194381367	addons.webextension.screenshots@mozilla.org	WARN	Loading extension 'screenshots@mozilla.org': Reading manifest: Invalid extension permission: about:reader*
1570194385560	Marionette	INFO	Listening on port 41619
1570194385655	Marionette	WARN	TLS certificate errors will be ignored for this session
1570194554600	mozrunner::runner	INFO	Running command: "/usr/bin/firefox" "-marionette" "-foreground" "-no-remote" "-profile" "/tmp/rust_mozprofileZBDH3A"
1570194555535	addons.webextension.screenshots@mozilla.org	WARN	Loading extension 'screenshots@mozilla.org': Reading manifest: Invalid extension permission: mozillaAddons
1570194555536	addons.webextension.screenshots@mozilla.org	WARN	Loading extension 'screenshots@mozilla.org': Reading manifest: Invalid extension permission: telemetry
1570194555536	addons.webextension.screenshots@mozilla.org	WARN	Loading extension 'screenshots@mozilla.org': Reading manifest: Invalid extension permission: resource://pdf.js/
1570194555537	addons.webextension.screenshots@mozilla.org	WARN	Loading extension 'screenshots@mozilla.org': Reading manifest: Invalid extension permission: about:reader*
1570194561142	Marionette	INFO	Listening on port 44057
1570194561166	Marionette	WARN	TLS certificate errors will be ignored for this session
1570194620602	mozrunner::runner	INFO	Running command: "/usr/bin/firefox" "-marionette" "-foreground" "-no-remote" "-profile" "/tmp/rust_mozprofileoL03oy"
1570194622194	addons.webextension.screenshots@mozilla.org	WARN	Loading extension 'screenshots@mozilla.org': Reading manifest: Invalid extension permission: mozillaAddons
1570194622194	addons.webextension.screenshots@mozilla.org	WARN	Loading extension 'screenshots@mozilla.org': Reading manifest: Invalid extension permission: telemetry
1570194622195	addons.webextension.screenshots@mozilla.org	WARN	Loading extension 'screenshots@mozilla.org': Reading manifest: Invalid extension permission: resource://pdf.js/
1570194622195	addons.webextension.screenshots@mozilla.org	WARN	Loading extension 'screenshots@mozilla.org': Reading manifest: Invalid extension permission: about:reader*
1570194628637	Marionette	INFO	Listening on port 39813
1570194628682	Marionette	WARN	TLS certificate errors will be ignored for this session
1570194776299	mozrunner::runner	INFO	Running command: "/usr/bin/firefox" "-marionette" "-foreground" "-no-remote" "-profile" "/tmp/rust_mozprofileDqRpJc"
1570194778244	addons.webextension.screenshots@mozilla.org	WARN	Loading extension 'screenshots@mozilla.org': Reading manifest: Invalid extension permission: mozillaAddons
1570194778245	addons.webextension.screenshots@mozilla.org	WARN	Loading extension 'screenshots@mozilla.org': Reading manifest: Invalid extension permission: telemetry
1570194778247	addons.webextension.screenshots@mozilla.org	WARN	Loading extension 'screenshots@mozilla.org': Reading manifest: Invalid extension permission: resource://pdf.js/
1570194778247	addons.webextension.screenshots@mozilla.org	WARN	Loading extension 'screenshots@mozilla.org': Reading manifest: Invalid extension permission: about:reader*
1570194787000	Marionette	INFO	Listening on port 46873
1570194787052	Marionette	WARN	TLS certificate errors will be ignored for this session
1570194902074	mozrunner::runner	INFO	Running command: "/usr/bin/firefox" "-marionette" "-foreground" "-no-remote" "-profile" "/tmp/rust_mozprofiletGWibf"
1570194903772	addons.webextension.screenshots@mozilla.org	WARN	Loading extension 'screenshots@mozilla.org': Reading manifest: Invalid extension permission: mozillaAddons
1570194903772	addons.webextension.screenshots@mozilla.org	WARN	Loading extension 'screenshots@mozilla.org': Reading manifest: Invalid extension permission: telemetry
1570194903773	addons.webextension.screenshots@mozilla.org	WARN	Loading extension 'screenshots@mozilla.org': Reading manifest: Invalid extension permission: resource://pdf.js/
1570194903773	addons.webextension.screenshots@mozilla.org	WARN	Loading extension 'screenshots@mozilla.org': Reading manifest: Invalid extension permission: about:reader*
1570194914177	Marionette	INFO	Listening on port 33965
1570194914291	Marionette	WARN	TLS certificate errors will be ignored for this session
[Parent 20527, Gecko_IOThread] WARNING: pipe error (98): Connection reset by peer: file /build/firefox-y_KX3Y/firefox-69.0.1+build1/ipc/chromium/src/chrome/common/ipc_channel_posix.cc, line 358
A content process crashed and MOZ_CRASHREPORTER_SHUTDOWN is set, shutting down
1570194940091	Marionette	INFO	Stopped listening on port 45703
1570195153777	mozrunner::runner	INFO	Running command: "/usr/bin/firefox" "-marionette" "-foreground" "-no-remote" "-profile" "/tmp/rust_mozprofileexbwFS"
1570195157086	addons.webextension.screenshots@mozilla.org	WARN	Loading extension 'screenshots@mozilla.org': Reading manifest: Invalid extension permission: mozillaAddons
1570195157097	addons.webextension.screenshots@mozilla.org	WARN	Loading extension 'screenshots@mozilla.org': Reading manifest: Invalid extension permission: telemetry
1570195157101	addons.webextension.screenshots@mozilla.org	WARN	Loading extension 'screenshots@mozilla.org': Reading manifest: Invalid extension permission: resource://pdf.js/
1570195157106	addons.webextension.screenshots@mozilla.org	WARN	Loading extension 'screenshots@mozilla.org': Reading manifest: Invalid extension permission: about:reader*
1570195169004	Marionette	INFO	Listening on port 42337
1570195169128	Marionette	WARN	TLS certificate errors will be ignored for this session
[Parent 19951, Gecko_IOThread] WARNING: pipe error (102): Connection reset by peer: file /build/firefox-y_KX3Y/firefox-69.0.1+build1/ipc/chromium/src/chrome/common/ipc_channel_posix.cc, line 358
A content process crashed and MOZ_CRASHREPORTER_SHUTDOWN is set, shutting down
1570195333731	Marionette	INFO	Stopped listening on port 43881
1570195544203	mozrunner::runner	INFO	Running command: "/usr/bin/firefox" "-marionette" "-foreground" "-no-remote" "-profile" "/tmp/rust_mozprofilekZPf4S"
1570195549157	addons.webextension.screenshots@mozilla.org	WARN	Loading extension 'screenshots@mozilla.org': Reading manifest: Invalid extension permission: mozillaAddons
1570195549158	addons.webextension.screenshots@mozilla.org	WARN	Loading extension 'screenshots@mozilla.org': Reading manifest: Invalid extension permission: telemetry
1570195549164	addons.webextension.screenshots@mozilla.org	WARN	Loading extension 'screenshots@mozilla.org': Reading manifest: Invalid extension permission: resource://pdf.js/
1570195549164	addons.webextension.screenshots@mozilla.org	WARN	Loading extension 'screenshots@mozilla.org': Reading manifest: Invalid extension permission: about:reader*
1570195593632	Marionette	INFO	Listening on port 36401
1570195598990	Marionette	WARN	TLS certificate errors will be ignored for this session
[Parent 27258, Gecko_IOThread] WARNING: pipe error (71): Connection reset by peer: file /build/firefox-y_KX3Y/firefox-69.0.1+build1/ipc/chromium/src/chrome/common/ipc_channel_posix.cc, line 358
A content process crashed and MOZ_CRASHREPORTER_SHUTDOWN is set, shutting down
1570195605129	Marionette	INFO	Stopped listening on port 42337
1570195920658	mozrunner::runner	INFO	Running command: "/usr/bin/firefox" "-marionette" "-foreground" "-no-remote" "-profile" "/tmp/rust_mozprofileOD8pTn"
1570195923419	addons.webextension.screenshots@mozilla.org	WARN	Loading extension 'screenshots@mozilla.org': Reading manifest: Invalid extension permission: mozillaAddons
1570195923420	addons.webextension.screenshots@mozilla.org	WARN	Loading extension 'screenshots@mozilla.org': Reading manifest: Invalid extension permission: telemetry
1570195923441	addons.webextension.screenshots@mozilla.org	WARN	Loading extension 'screenshots@mozilla.org': Reading manifest: Invalid extension permission: resource://pdf.js/
1570195923442	addons.webextension.screenshots@mozilla.org	WARN	Loading extension 'screenshots@mozilla.org': Reading manifest: Invalid extension permission: about:reader*
1570195946958	Marionette	INFO	Listening on port 38341
1570195947403	Marionette	WARN	TLS certificate errors will be ignored for this session
[Parent 26082, Gecko_IOThread] WARNING: pipe error (84): Connection reset by peer: file /build/firefox-y_KX3Y/firefox-69.0.1+build1/ipc/chromium/src/chrome/common/ipc_channel_posix.cc, line 358
A content process crashed and MOZ_CRASHREPORTER_SHUTDOWN is set, shutting down
1570195962681	Marionette	INFO	Stopped listening on port 39813
1570196010651	mozrunner::runner	INFO	Running command: "/usr/bin/firefox" "-marionette" "-foreground" "-no-remote" "-profile" "/tmp/rust_mozprofileoEqBlI"
1570196012820	addons.webextension.screenshots@mozilla.org	WARN	Loading extension 'screenshots@mozilla.org': Reading manifest: Invalid extension permission: mozillaAddons
1570196012821	addons.webextension.screenshots@mozilla.org	WARN	Loading extension 'screenshots@mozilla.org': Reading manifest: Invalid extension permission: telemetry
1570196012821	addons.webextension.screenshots@mozilla.org	WARN	Loading extension 'screenshots@mozilla.org': Reading manifest: Invalid extension permission: resource://pdf.js/
1570196012822	addons.webextension.screenshots@mozilla.org	WARN	Loading extension 'screenshots@mozilla.org': Reading manifest: Invalid extension permission: about:reader*
[Parent 25785, Gecko_IOThread] WARNING: pipe error (87): Connection reset by peer: file /build/firefox-y_KX3Y/firefox-69.0.1+build1/ipc/chromium/src/chrome/common/ipc_channel_posix.cc, line 358
A content process crashed and MOZ_CRASHREPORTER_SHUTDOWN is set, shutting down
1570196035936	Marionette	INFO	Stopped listening on port 44057
1570196036355	Marionette	INFO	Listening on port 45931
1570196036444	Marionette	WARN	TLS certificate errors will be ignored for this session
1570196080419	mozrunner::runner	INFO	Running command: "/usr/bin/firefox" "-marionette" "-foreground" "-no-remote" "-profile" "/tmp/rust_mozprofile1iQzJQ"
1570196082632	addons.webextension.screenshots@mozilla.org	WARN	Loading extension 'screenshots@mozilla.org': Reading manifest: Invalid extension permission: mozillaAddons
1570196082636	addons.webextension.screenshots@mozilla.org	WARN	Loading extension 'screenshots@mozilla.org': Reading manifest: Invalid extension permission: telemetry
1570196082639	addons.webextension.screenshots@mozilla.org	WARN	Loading extension 'screenshots@mozilla.org': Reading manifest: Invalid extension permission: resource://pdf.js/
1570196082639	addons.webextension.screenshots@mozilla.org	WARN	Loading extension 'screenshots@mozilla.org': Reading manifest: Invalid extension permission: about:reader*
[Parent 25434, Gecko_IOThread] WARNING: pipe error (71): Connection reset by peer: file /build/firefox-y_KX3Y/firefox-69.0.1+build1/ipc/chromium/src/chrome/common/ipc_channel_posix.cc, line 358
A content process crashed and MOZ_CRASHREPORTER_SHUTDOWN is set, shutting down
1570196101858	Marionette	INFO	Listening on port 40901
1570196101941	Marionette	WARN	TLS certificate errors will be ignored for this session
1570196102123	Marionette	INFO	Stopped listening on port 41619
[Parent 28958, Gecko_IOThread] WARNING: pipe error (81): Connection reset by peer: file /build/firefox-y_KX3Y/firefox-69.0.1+build1/ipc/chromium/src/chrome/common/ipc_channel_posix.cc, line 358
A content process crashed and MOZ_CRASHREPORTER_SHUTDOWN is set, shutting down
1570197285992	Marionette	INFO	Stopped listening on port 40901
[Parent 26447, Gecko_IOThread] WARNING: pipe error (71): Connection reset by peer: file /build/firefox-y_KX3Y/firefox-69.0.1+build1/ipc/chromium/src/chrome/common/ipc_channel_posix.cc, line 358
A content process crashed and MOZ_CRASHREPORTER_SHUTDOWN is set, shutting down
1570277962275	Marionette	INFO	Stopped listening on port 46873
1570278469211	Marionette	INFO	Stopped listening on port 38341
[Parent 27841, Gecko_IOThread] WARNING: pipe error (81): Connection reset by peer: file /build/firefox-y_KX3Y/firefox-69.0.1+build1/ipc/chromium/src/chrome/common/ipc_channel_posix.cc, line 358
[Parent 27841, Gecko_IOThread] WARNING: pipe error (82): Connection reset by peer: file /build/firefox-y_KX3Y/firefox-69.0.1+build1/ipc/chromium/src/chrome/common/ipc_channel_posix.cc, line 358
1570278471122	Marionette	INFO	Stopped listening on port 36401
[Parent 26782, Gecko_IOThread] WARNING: pipe error (87): Connection reset by peer: file /build/firefox-y_KX3Y/firefox-69.0.1+build1/ipc/chromium/src/chrome/common/ipc_channel_posix.cc, line 358
1570278472158	Marionette	INFO	Stopped listening on port 33965
1570278473062	Marionette	INFO	Stopped listening on port 36589
IPDL protocol error: Handler returned error code!

###!!! [Parent][DispatchAsyncMessage] Error: PLayerTransaction::Msg_ReleaseLayer Processing error: message was deserialized, but the handler returned false (indicating failure)

IPDL protocol error: Handler returned error code!

###!!! [Parent][DispatchAsyncMessage] Error: PLayerTransaction::Msg_ReleaseLayer Processing error: message was deserialized, but the handler returned false (indicating failure)

IPDL protocol error: Handler returned error code!

###!!! [Parent][DispatchAsyncMessage] Error: PLayerTransaction::Msg_ReleaseLayer Processing error: message was deserialized, but the handler returned false (indicating failure)

IPDL protocol error: Handler returned error code!

###!!! [Parent][DispatchAsyncMessage] Error: PLayerTransaction::Msg_ReleaseLayer Processing error: message was deserialized, but the handler returned false (indicating failure)

IPDL protocol error: Handler returned error code!

###!!! [Parent][DispatchAsyncMessage] Error: PLayerTransaction::Msg_ReleaseLayer Processing error: message was deserialized, but the handler returned false (indicating failure)

[Parent 23511, Gecko_IOThread] WARNING: pipe error (81): Connection reset by peer: file /build/firefox-y_KX3Y/firefox-69.0.1+build1/ipc/chromium/src/chrome/common/ipc_channel_posix.cc, line 358
[Parent 23511, Gecko_IOThread] WARNING: pipe error (95): Connection reset by peer: file /build/firefox-y_KX3Y/firefox-69.0.1+build1/ipc/chromium/src/chrome/common/ipc_channel_posix.cc, line 358
1570278474458	Marionette	INFO	Stopped listening on port 43931
[Parent 22797, Gecko_IOThread] WARNING: pipe error (61): Connection reset by peer: file /build/firefox-y_KX3Y/firefox-69.0.1+build1/ipc/chromium/src/chrome/common/ipc_channel_posix.cc, line 358
1570278475469	Marionette	INFO	Stopped listening on port 45909
1570278476730	Marionette	INFO	Stopped listening on port 39033
IPDL protocol error: Handler returned error code!

###!!! [Parent][DispatchAsyncMessage] Error: PLayerTransaction::Msg_ReleaseLayer Processing error: message was deserialized, but the handler returned false (indicating failure)

IPDL protocol error: Handler returned error code!

###!!! [Parent][DispatchAsyncMessage] Error: PLayerTransaction::Msg_ReleaseLayer Processing error: message was deserialized, but the handler returned false (indicating failure)

IPDL protocol error: Handler returned error code!

###!!! [Parent][DispatchAsyncMessage] Error: PLayerTransaction::Msg_ReleaseLayer Processing error: message was deserialized, but the handler returned false (indicating failure)

IPDL protocol error: Handler returned error code!

###!!! [Parent][DispatchAsyncMessage] Error: PLayerTransaction::Msg_ReleaseLayer Processing error: message was deserialized, but the handler returned false (indicating failure)

IPDL protocol error: Handler returned error code!

###!!! [Parent][DispatchAsyncMessage] Error: PLayerTransaction::Msg_ReleaseLayer Processing error: message was deserialized, but the handler returned false (indicating failure)

IPDL protocol error: Handler returned error code!

###!!! [Parent][DispatchAsyncMessage] Error: PLayerTransaction::Msg_ReleaseLayer Processing error: message was deserialized, but the handler returned false (indicating failure)

IPDL protocol error: Handler returned error code!

###!!! [Parent][DispatchAsyncMessage] Error: PLayerTransaction::Msg_ReleaseLayer Processing error: message was deserialized, but the handler returned false (indicating failure)

IPDL protocol error: Handler returned error code!

###!!! [Parent][DispatchAsyncMessage] Error: PLayerTransaction::Msg_ReleaseLayer Processing error: message was deserialized, but the handler returned false (indicating failure)

IPDL protocol error: Handler returned error code!

###!!! [Parent][DispatchAsyncMessage] Error: PLayerTransaction::Msg_ReleaseLayer Processing error: message was deserialized, but the handler returned false (indicating failure)

[Parent 19600, Gecko_IOThread] WARNING: pipe error (81): Connection reset by peer: file /build/firefox-y_KX3Y/firefox-69.0.1+build1/ipc/chromium/src/chrome/common/ipc_channel_posix.cc, line 358
1570278478064	Marionette	INFO	Stopped listening on port 38099
IPDL protocol error: Handler returned error code!

###!!! [Parent][DispatchAsyncMessage] Error: PLayerTransaction::Msg_ReleaseLayer Processing error: message was deserialized, but the handler returned false (indicating failure)

IPDL protocol error: Handler returned error code!

###!!! [Parent][DispatchAsyncMessage] Error: PLayerTransaction::Msg_ReleaseLayer Processing error: message was deserialized, but the handler returned false (indicating failure)

IPDL protocol error: Handler returned error code!

###!!! [Parent][DispatchAsyncMessage] Error: PLayerTransaction::Msg_ReleaseLayer Processing error: message was deserialized, but the handler returned false (indicating failure)

IPDL protocol error: Handler returned error code!

###!!! [Parent][DispatchAsyncMessage] Error: PLayerTransaction::Msg_ReleaseLayer Processing error: message was deserialized, but the handler returned false (indicating failure)

IPDL protocol error: Handler returned error code!

###!!! [Parent][DispatchAsyncMessage] Error: PLayerTransaction::Msg_ReleaseLayer Processing error: message was deserialized, but the handler returned false (indicating failure)

IPDL protocol error: Handler returned error code!

###!!! [Parent][DispatchAsyncMessage] Error: PLayerTransaction::Msg_ReleaseLayer Processing error: message was deserialized, but the handler returned false (indicating failure)

IPDL protocol error: Handler returned error code!

###!!! [Parent][DispatchAsyncMessage] Error: PLayerTransaction::Msg_ReleaseLayer Processing error: message was deserialized, but the handler returned false (indicating failure)

console.error: (new Error("Connection closed before committing the transaction.", "resource://gre/modules/Sqlite.jsm", 683))
1570278480414	Marionette	INFO	Stopped listening on port 36937
[Parent 21348, Gecko_IOThread] WARNING: pipe error (84): Connection reset by peer: file /build/firefox-y_KX3Y/firefox-69.0.1+build1/ipc/chromium/src/chrome/common/ipc_channel_posix.cc, line 358
[Parent 21348, Gecko_IOThread] WARNING: pipe error (81): Connection reset by peer: file /build/firefox-y_KX3Y/firefox-69.0.1+build1/ipc/chromium/src/chrome/common/ipc_channel_posix.cc, line 358
1570278482052	Marionette	INFO	Stopped listening on port 34979
1570278482955	Marionette	INFO	Stopped listening on port 42427
1570278484278	Marionette	INFO	Stopped listening on port 35553
1570278485413	Marionette	INFO	Stopped listening on port 38227
1570631767190	mozrunner::runner	INFO	Running command: "/usr/bin/firefox" "-marionette" "-foreground" "-no-remote" "-profile" "/tmp/rust_mozprofilecYbv4p"
1570631768059	addons.webextension.screenshots@mozilla.org	WARN	Loading extension 'screenshots@mozilla.org': Reading manifest: Invalid extension permission: mozillaAddons
1570631768059	addons.webextension.screenshots@mozilla.org	WARN	Loading extension 'screenshots@mozilla.org': Reading manifest: Invalid extension permission: telemetry
1570631768059	addons.webextension.screenshots@mozilla.org	WARN	Loading extension 'screenshots@mozilla.org': Reading manifest: Invalid extension permission: resource://pdf.js/
1570631768060	addons.webextension.screenshots@mozilla.org	WARN	Loading extension 'screenshots@mozilla.org': Reading manifest: Invalid extension permission: about:reader*
1570631770909	Marionette	INFO	Listening on port 46171
1570631771001	Marionette	WARN	TLS certificate errors will be ignored for this session
1570634291396	mozrunner::runner	INFO	Running command: "/usr/bin/firefox" "-marionette" "-foreground" "-no-remote" "-profile" "/tmp/rust_mozprofile7Urp0U"
1570634292109	addons.webextension.screenshots@mozilla.org	WARN	Loading extension 'screenshots@mozilla.org': Reading manifest: Invalid extension permission: mozillaAddons
1570634292109	addons.webextension.screenshots@mozilla.org	WARN	Loading extension 'screenshots@mozilla.org': Reading manifest: Invalid extension permission: telemetry
1570634292109	addons.webextension.screenshots@mozilla.org	WARN	Loading extension 'screenshots@mozilla.org': Reading manifest: Invalid extension permission: resource://pdf.js/
1570634292110	addons.webextension.screenshots@mozilla.org	WARN	Loading extension 'screenshots@mozilla.org': Reading manifest: Invalid extension permission: about:reader*
1570634295431	Marionette	INFO	Listening on port 32931
1570634295512	Marionette	WARN	TLS certificate errors will be ignored for this session
1570634641039	mozrunner::runner	INFO	Running command: "/usr/bin/firefox" "-marionette" "-foreground" "-no-remote" "-profile" "/tmp/rust_mozprofileCBTFBL"
1570634641628	addons.webextension.screenshots@mozilla.org	WARN	Loading extension 'screenshots@mozilla.org': Reading manifest: Invalid extension permission: mozillaAddons
1570634641628	addons.webextension.screenshots@mozilla.org	WARN	Loading extension 'screenshots@mozilla.org': Reading manifest: Invalid extension permission: telemetry
1570634641629	addons.webextension.screenshots@mozilla.org	WARN	Loading extension 'screenshots@mozilla.org': Reading manifest: Invalid extension permission: resource://pdf.js/
1570634641629	addons.webextension.screenshots@mozilla.org	WARN	Loading extension 'screenshots@mozilla.org': Reading manifest: Invalid extension permission: about:reader*
1570634644573	Marionette	INFO	Listening on port 33547
1570634644649	Marionette	WARN	TLS certificate errors will be ignored for this session
[Parent 3469, Gecko_IOThread] WARNING: pipe error (74): Connection reset by peer: file /build/firefox-y_KX3Y/firefox-69.0.1+build1/ipc/chromium/src/chrome/common/ipc_channel_posix.cc, line 358
1570634665118	Marionette	INFO	Stopped listening on port 46171
[Parent 5477, Gecko_IOThread] WARNING: pipe error (81): Connection reset by peer: file /build/firefox-y_KX3Y/firefox-69.0.1+build1/ipc/chromium/src/chrome/common/ipc_channel_posix.cc, line 358
1570634666681	Marionette	INFO	Stopped listening on port 32931
1570634671258	Marionette	INFO	Stopped listening on port 33547
1570635166276	mozrunner::runner	INFO	Running command: "/usr/bin/firefox" "-marionette" "-headless" "-foreground" "-no-remote" "-profile" "/tmp/rust_mozprofilef0gO1F"
*** You are running in headless mode.
1570635166919	addons.webextension.screenshots@mozilla.org	WARN	Loading extension 'screenshots@mozilla.org': Reading manifest: Invalid extension permission: mozillaAddons
1570635166920	addons.webextension.screenshots@mozilla.org	WARN	Loading extension 'screenshots@mozilla.org': Reading manifest: Invalid extension permission: telemetry
1570635166920	addons.webextension.screenshots@mozilla.org	WARN	Loading extension 'screenshots@mozilla.org': Reading manifest: Invalid extension permission: resource://pdf.js/
1570635166920	addons.webextension.screenshots@mozilla.org	WARN	Loading extension 'screenshots@mozilla.org': Reading manifest: Invalid extension permission: about:reader*
1570635169126	Marionette	INFO	Listening on port 43367
1570635169195	Marionette	WARN	TLS certificate errors will be ignored for this session
1570635215587	mozrunner::runner	INFO	Running command: "/usr/bin/firefox" "-marionette" "-headless" "-foreground" "-no-remote" "-profile" "/tmp/rust_mozprofilekg6WK6"
*** You are running in headless mode.
1570635216251	addons.webextension.screenshots@mozilla.org	WARN	Loading extension 'screenshots@mozilla.org': Reading manifest: Invalid extension permission: mozillaAddons
1570635216251	addons.webextension.screenshots@mozilla.org	WARN	Loading extension 'screenshots@mozilla.org': Reading manifest: Invalid extension permission: telemetry
1570635216252	addons.webextension.screenshots@mozilla.org	WARN	Loading extension 'screenshots@mozilla.org': Reading manifest: Invalid extension permission: resource://pdf.js/
1570635216252	addons.webextension.screenshots@mozilla.org	WARN	Loading extension 'screenshots@mozilla.org': Reading manifest: Invalid extension permission: about:reader*
1570635218694	Marionette	INFO	Listening on port 39875
1570635218796	Marionette	WARN	TLS certificate errors will be ignored for this session
1570635264099	mozrunner::runner	INFO	Running command: "/usr/bin/firefox" "-marionette" "-headless" "-foreground" "-no-remote" "-profile" "/tmp/rust_mozprofiled4xYLI"
*** You are running in headless mode.
1570635264656	addons.webextension.screenshots@mozilla.org	WARN	Loading extension 'screenshots@mozilla.org': Reading manifest: Invalid extension permission: mozillaAddons
1570635264657	addons.webextension.screenshots@mozilla.org	WARN	Loading extension 'screenshots@mozilla.org': Reading manifest: Invalid extension permission: telemetry
1570635264657	addons.webextension.screenshots@mozilla.org	WARN	Loading extension 'screenshots@mozilla.org': Reading manifest: Invalid extension permission: resource://pdf.js/
1570635264658	addons.webextension.screenshots@mozilla.org	WARN	Loading extension 'screenshots@mozilla.org': Reading manifest: Invalid extension permission: about:reader*
1570635267455	Marionette	INFO	Listening on port 33911
1570635267512	Marionette	WARN	TLS certificate errors will be ignored for this session
1570635292400	mozrunner::runner	INFO	Running command: "/usr/bin/firefox" "-marionette" "-headless" "-foreground" "-no-remote" "-profile" "/tmp/rust_mozprofileBGusCV"
*** You are running in headless mode.
1570635293932	addons.webextension.screenshots@mozilla.org	WARN	Loading extension 'screenshots@mozilla.org': Reading manifest: Invalid extension permission: mozillaAddons
1570635293933	addons.webextension.screenshots@mozilla.org	WARN	Loading extension 'screenshots@mozilla.org': Reading manifest: Invalid extension permission: telemetry
1570635293934	addons.webextension.screenshots@mozilla.org	WARN	Loading extension 'screenshots@mozilla.org': Reading manifest: Invalid extension permission: resource://pdf.js/
1570635293935	addons.webextension.screenshots@mozilla.org	WARN	Loading extension 'screenshots@mozilla.org': Reading manifest: Invalid extension permission: about:reader*
1570635297040	Marionette	INFO	Listening on port 33815
1570635297127	Marionette	WARN	TLS certificate errors will be ignored for this session
1570635322109	mozrunner::runner	INFO	Running command: "/usr/bin/firefox" "-marionette" "-headless" "-foreground" "-no-remote" "-profile" "/tmp/rust_mozprofileNof4v8"
*** You are running in headless mode.
1570635323108	addons.webextension.screenshots@mozilla.org	WARN	Loading extension 'screenshots@mozilla.org': Reading manifest: Invalid extension permission: mozillaAddons
1570635323108	addons.webextension.screenshots@mozilla.org	WARN	Loading extension 'screenshots@mozilla.org': Reading manifest: Invalid extension permission: telemetry
1570635323109	addons.webextension.screenshots@mozilla.org	WARN	Loading extension 'screenshots@mozilla.org': Reading manifest: Invalid extension permission: resource://pdf.js/
1570635323109	addons.webextension.screenshots@mozilla.org	WARN	Loading extension 'screenshots@mozilla.org': Reading manifest: Invalid extension permission: about:reader*
1570635328436	Marionette	INFO	Listening on port 44649
1570635328537	Marionette	WARN	TLS certificate errors will be ignored for this session
1570635415918	mozrunner::runner	INFO	Running command: "/usr/bin/firefox" "-marionette" "-headless" "-foreground" "-no-remote" "-profile" "/tmp/rust_mozprofileyfZeAI"
*** You are running in headless mode.
1570635416994	addons.webextension.screenshots@mozilla.org	WARN	Loading extension 'screenshots@mozilla.org': Reading manifest: Invalid extension permission: mozillaAddons
1570635416995	addons.webextension.screenshots@mozilla.org	WARN	Loading extension 'screenshots@mozilla.org': Reading manifest: Invalid extension permission: telemetry
1570635416995	addons.webextension.screenshots@mozilla.org	WARN	Loading extension 'screenshots@mozilla.org': Reading manifest: Invalid extension permission: resource://pdf.js/
1570635416995	addons.webextension.screenshots@mozilla.org	WARN	Loading extension 'screenshots@mozilla.org': Reading manifest: Invalid extension permission: about:reader*
1570635420769	Marionette	INFO	Listening on port 42871
1570635420932	Marionette	WARN	TLS certificate errors will be ignored for this session
1570635479146	mozrunner::runner	INFO	Running command: "/usr/bin/firefox" "-marionette" "-headless" "-foreground" "-no-remote" "-profile" "/tmp/rust_mozprofile39ivYY"
*** You are running in headless mode.
1570635479892	addons.webextension.screenshots@mozilla.org	WARN	Loading extension 'screenshots@mozilla.org': Reading manifest: Invalid extension permission: mozillaAddons
1570635479893	addons.webextension.screenshots@mozilla.org	WARN	Loading extension 'screenshots@mozilla.org': Reading manifest: Invalid extension permission: telemetry
1570635479894	addons.webextension.screenshots@mozilla.org	WARN	Loading extension 'screenshots@mozilla.org': Reading manifest: Invalid extension permission: resource://pdf.js/
1570635479894	addons.webextension.screenshots@mozilla.org	WARN	Loading extension 'screenshots@mozilla.org': Reading manifest: Invalid extension permission: about:reader*
1570635486211	Marionette	INFO	Listening on port 42605
1570635486281	Marionette	WARN	TLS certificate errors will be ignored for this session
1570721907833	mozrunner::runner	INFO	Running command: "/usr/bin/firefox" "-marionette" "-headless" "-foreground" "-no-remote" "-profile" "/tmp/rust_mozprofileRkRhpD"
*** You are running in headless mode.
1570721908970	addons.webextension.screenshots@mozilla.org	WARN	Loading extension 'screenshots@mozilla.org': Reading manifest: Invalid extension permission: mozillaAddons
1570721908970	addons.webextension.screenshots@mozilla.org	WARN	Loading extension 'screenshots@mozilla.org': Reading manifest: Invalid extension permission: telemetry
1570721908970	addons.webextension.screenshots@mozilla.org	WARN	Loading extension 'screenshots@mozilla.org': Reading manifest: Invalid extension permission: resource://pdf.js/
1570721908970	addons.webextension.screenshots@mozilla.org	WARN	Loading extension 'screenshots@mozilla.org': Reading manifest: Invalid extension permission: about:reader*
1570721911683	Marionette	INFO	Listening on port 37281
1570721911743	Marionette	WARN	TLS certificate errors will be ignored for this session
1570722097026	mozrunner::runner	INFO	Running command: "/usr/bin/firefox" "-marionette" "-headless" "-foreground" "-no-remote" "-profile" "/tmp/rust_mozprofilekFi0g9"
*** You are running in headless mode.
1570722097583	addons.webextension.screenshots@mozilla.org	WARN	Loading extension 'screenshots@mozilla.org': Reading manifest: Invalid extension permission: mozillaAddons
1570722097583	addons.webextension.screenshots@mozilla.org	WARN	Loading extension 'screenshots@mozilla.org': Reading manifest: Invalid extension permission: telemetry
1570722097584	addons.webextension.screenshots@mozilla.org	WARN	Loading extension 'screenshots@mozilla.org': Reading manifest: Invalid extension permission: resource://pdf.js/
1570722097584	addons.webextension.screenshots@mozilla.org	WARN	Loading extension 'screenshots@mozilla.org': Reading manifest: Invalid extension permission: about:reader*
1570722100013	Marionette	INFO	Listening on port 39149
1570722100037	Marionette	WARN	TLS certificate errors will be ignored for this session
1570722242251	mozrunner::runner	INFO	Running command: "/usr/bin/firefox" "-marionette" "-headless" "-foreground" "-no-remote" "-profile" "/tmp/rust_mozprofilel6KnCp"
*** You are running in headless mode.
1570722242825	addons.webextension.screenshots@mozilla.org	WARN	Loading extension 'screenshots@mozilla.org': Reading manifest: Invalid extension permission: mozillaAddons
1570722242825	addons.webextension.screenshots@mozilla.org	WARN	Loading extension 'screenshots@mozilla.org': Reading manifest: Invalid extension permission: telemetry
1570722242825	addons.webextension.screenshots@mozilla.org	WARN	Loading extension 'screenshots@mozilla.org': Reading manifest: Invalid extension permission: resource://pdf.js/
1570722242826	addons.webextension.screenshots@mozilla.org	WARN	Loading extension 'screenshots@mozilla.org': Reading manifest: Invalid extension permission: about:reader*
1570722245365	Marionette	INFO	Listening on port 36021
1570722245464	Marionette	WARN	TLS certificate errors will be ignored for this session
[GFX1-]: Receive IPC close with reason=AbnormalShutdown
[Child 6296, Chrome_ChildThread] WARNING: pipe error (3): Connection reset by peer: file /build/firefox-y_KX3Y/firefox-69.0.1+build1/ipc/chromium/src/chrome/common/ipc_channel_posix.cc, line 358
Exiting due to channel error.
[Child 6239, Chrome_ChildThread] WARNING: pipe error (35): Connection reset by peer: file /build/firefox-y_KX3Y/firefox-69.0.1+build1/ipc/chromium/src/chrome/common/ipc_channel_posix.cc, line 358
Exiting due to channel error.
Exiting due to channel error.
1570724727035	mozrunner::runner	INFO	Running command: "/usr/bin/firefox" "-marionette" "-headless" "-foreground" "-no-remote" "-profile" "/tmp/rust_mozprofileinFgmx"
*** You are running in headless mode.
1570724727834	addons.webextension.screenshots@mozilla.org	WARN	Loading extension 'screenshots@mozilla.org': Reading manifest: Invalid extension permission: mozillaAddons
1570724727834	addons.webextension.screenshots@mozilla.org	WARN	Loading extension 'screenshots@mozilla.org': Reading manifest: Invalid extension permission: telemetry
1570724727834	addons.webextension.screenshots@mozilla.org	WARN	Loading extension 'screenshots@mozilla.org': Reading manifest: Invalid extension permission: resource://pdf.js/
1570724727834	addons.webextension.screenshots@mozilla.org	WARN	Loading extension 'screenshots@mozilla.org': Reading manifest: Invalid extension permission: about:reader*
1570724730155	Marionette	INFO	Listening on port 39237
1570724730244	Marionette	WARN	TLS certificate errors will be ignored for this session
JavaScript error: resource://gre/modules/XULStore.jsm, line 66: Error: Can't find profile directory.
1570805942523	mozrunner::runner	INFO	Running command: "/usr/bin/firefox" "-marionette" "-headless" "-foreground" "-no-remote" "-profile" "/tmp/rust_mozprofileaUOfVD"
*** You are running in headless mode.
1570805943268	addons.webextension.screenshots@mozilla.org	WARN	Loading extension 'screenshots@mozilla.org': Reading manifest: Invalid extension permission: mozillaAddons
1570805943268	addons.webextension.screenshots@mozilla.org	WARN	Loading extension 'screenshots@mozilla.org': Reading manifest: Invalid extension permission: telemetry
1570805943269	addons.webextension.screenshots@mozilla.org	WARN	Loading extension 'screenshots@mozilla.org': Reading manifest: Invalid extension permission: resource://pdf.js/
1570805943269	addons.webextension.screenshots@mozilla.org	WARN	Loading extension 'screenshots@mozilla.org': Reading manifest: Invalid extension permission: about:reader*
1570805945624	Marionette	INFO	Listening on port 33519
1570805945638	Marionette	WARN	TLS certificate errors will be ignored for this session
1570806118939	mozrunner::runner	INFO	Running command: "/usr/bin/firefox" "-marionette" "-headless" "-foreground" "-no-remote" "-profile" "/tmp/rust_mozprofile8U0aMK"
*** You are running in headless mode.
1570806119480	addons.webextension.screenshots@mozilla.org	WARN	Loading extension 'screenshots@mozilla.org': Reading manifest: Invalid extension permission: mozillaAddons
1570806119480	addons.webextension.screenshots@mozilla.org	WARN	Loading extension 'screenshots@mozilla.org': Reading manifest: Invalid extension permission: telemetry
1570806119480	addons.webextension.screenshots@mozilla.org	WARN	Loading extension 'screenshots@mozilla.org': Reading manifest: Invalid extension permission: resource://pdf.js/
1570806119480	addons.webextension.screenshots@mozilla.org	WARN	Loading extension 'screenshots@mozilla.org': Reading manifest: Invalid extension permission: about:reader*
1570806122003	Marionette	INFO	Listening on port 34415
1570806122050	Marionette	WARN	TLS certificate errors will be ignored for this session
1570806130539	Marionette	INFO	Stopped listening on port 34415
1571240625310	mozrunner::runner	INFO	Running command: "/usr/bin/firefox" "-marionette" "-headless" "-foreground" "-no-remote" "-profile" "/tmp/rust_mozprofileTCZD9O"
*** You are running in headless mode.
1571240626072	addons.webextension.screenshots@mozilla.org	WARN	Loading extension 'screenshots@mozilla.org': Reading manifest: Invalid extension permission: mozillaAddons
1571240626072	addons.webextension.screenshots@mozilla.org	WARN	Loading extension 'screenshots@mozilla.org': Reading manifest: Invalid extension permission: telemetry
1571240626073	addons.webextension.screenshots@mozilla.org	WARN	Loading extension 'screenshots@mozilla.org': Reading manifest: Invalid extension permission: resource://pdf.js/
1571240626073	addons.webextension.screenshots@mozilla.org	WARN	Loading extension 'screenshots@mozilla.org': Reading manifest: Invalid extension permission: about:reader*
1571240628366	Marionette	INFO	Listening on port 35165
1571240628422	Marionette	WARN	TLS certificate errors will be ignored for this session
1571240638718	Marionette	INFO	Stopped listening on port 35165
1571241059190	mozrunner::runner	INFO	Running command: "/usr/bin/firefox" "-marionette" "-headless" "-foreground" "-no-remote" "-profile" "/tmp/rust_mozprofileomF0WH"
*** You are running in headless mode.
1571241059659	addons.webextension.screenshots@mozilla.org	WARN	Loading extension 'screenshots@mozilla.org': Reading manifest: Invalid extension permission: mozillaAddons
1571241059659	addons.webextension.screenshots@mozilla.org	WARN	Loading extension 'screenshots@mozilla.org': Reading manifest: Invalid extension permission: telemetry
1571241059660	addons.webextension.screenshots@mozilla.org	WARN	Loading extension 'screenshots@mozilla.org': Reading manifest: Invalid extension permission: resource://pdf.js/
1571241059660	addons.webextension.screenshots@mozilla.org	WARN	Loading extension 'screenshots@mozilla.org': Reading manifest: Invalid extension permission: about:reader*
1571241061975	Marionette	INFO	Listening on port 40999
1571241062003	Marionette	WARN	TLS certificate errors will be ignored for this session
1571241072738	Marionette	INFO	Stopped listening on port 40999
1571241309852	mozrunner::runner	INFO	Running command: "/usr/bin/firefox" "-marionette" "-headless" "-foreground" "-no-remote" "-profile" "/tmp/rust_mozprofileXhIjrL"
*** You are running in headless mode.
1571241310329	addons.webextension.screenshots@mozilla.org	WARN	Loading extension 'screenshots@mozilla.org': Reading manifest: Invalid extension permission: mozillaAddons
1571241310329	addons.webextension.screenshots@mozilla.org	WARN	Loading extension 'screenshots@mozilla.org': Reading manifest: Invalid extension permission: telemetry
1571241310330	addons.webextension.screenshots@mozilla.org	WARN	Loading extension 'screenshots@mozilla.org': Reading manifest: Invalid extension permission: resource://pdf.js/
1571241310330	addons.webextension.screenshots@mozilla.org	WARN	Loading extension 'screenshots@mozilla.org': Reading manifest: Invalid extension permission: about:reader*
1571241312627	Marionette	INFO	Listening on port 42833
1571241312667	Marionette	WARN	TLS certificate errors will be ignored for this session
1571241320112	Marionette	INFO	Stopped listening on port 42833
1571322194759	mozrunner::runner	INFO	Running command: "/usr/bin/firefox" "-marionette" "-headless" "-foreground" "-no-remote" "-profile" "/tmp/rust_mozprofileLmZWzj"
*** You are running in headless mode.
1571322195637	addons.webextension.screenshots@mozilla.org	WARN	Loading extension 'screenshots@mozilla.org': Reading manifest: Invalid extension permission: mozillaAddons
1571322195637	addons.webextension.screenshots@mozilla.org	WARN	Loading extension 'screenshots@mozilla.org': Reading manifest: Invalid extension permission: telemetry
1571322195638	addons.webextension.screenshots@mozilla.org	WARN	Loading extension 'screenshots@mozilla.org': Reading manifest: Invalid extension permission: resource://pdf.js/
1571322195638	addons.webextension.screenshots@mozilla.org	WARN	Loading extension 'screenshots@mozilla.org': Reading manifest: Invalid extension permission: about:reader*
1571322198534	Marionette	INFO	Listening on port 45597
1571322198595	Marionette	WARN	TLS certificate errors will be ignored for this session
1571322206463	Marionette	INFO	Stopped listening on port 45597
1571322774075	mozrunner::runner	INFO	Running command: "/usr/bin/firefox" "-marionette" "-headless" "-foreground" "-no-remote" "-profile" "/tmp/rust_mozprofileHpK0Z0"
*** You are running in headless mode.
1571322774551	addons.webextension.screenshots@mozilla.org	WARN	Loading extension 'screenshots@mozilla.org': Reading manifest: Invalid extension permission: mozillaAddons
1571322774551	addons.webextension.screenshots@mozilla.org	WARN	Loading extension 'screenshots@mozilla.org': Reading manifest: Invalid extension permission: telemetry
1571322774551	addons.webextension.screenshots@mozilla.org	WARN	Loading extension 'screenshots@mozilla.org': Reading manifest: Invalid extension permission: resource://pdf.js/
1571322774552	addons.webextension.screenshots@mozilla.org	WARN	Loading extension 'screenshots@mozilla.org': Reading manifest: Invalid extension permission: about:reader*
1571322776859	Marionette	INFO	Listening on port 33225
1571322776886	Marionette	WARN	TLS certificate errors will be ignored for this session
1571322785705	Marionette	INFO	Stopped listening on port 33225
1571322908330	mozrunner::runner	INFO	Running command: "/usr/bin/firefox" "-marionette" "-headless" "-foreground" "-no-remote" "-profile" "/tmp/rust_mozprofileA34E0r"
*** You are running in headless mode.
1571322908810	addons.webextension.screenshots@mozilla.org	WARN	Loading extension 'screenshots@mozilla.org': Reading manifest: Invalid extension permission: mozillaAddons
1571322908810	addons.webextension.screenshots@mozilla.org	WARN	Loading extension 'screenshots@mozilla.org': Reading manifest: Invalid extension permission: telemetry
1571322908810	addons.webextension.screenshots@mozilla.org	WARN	Loading extension 'screenshots@mozilla.org': Reading manifest: Invalid extension permission: resource://pdf.js/
1571322908811	addons.webextension.screenshots@mozilla.org	WARN	Loading extension 'screenshots@mozilla.org': Reading manifest: Invalid extension permission: about:reader*
1571322911252	Marionette	INFO	Listening on port 41061
1571322911338	Marionette	WARN	TLS certificate errors will be ignored for this session
1571322919962	Marionette	INFO	Stopped listening on port 41061
1571323372993	mozrunner::runner	INFO	Running command: "/usr/bin/firefox" "-marionette" "-headless" "-foreground" "-no-remote" "-profile" "/tmp/rust_mozprofileVes7mz"
*** You are running in headless mode.
1571323373565	addons.webextension.screenshots@mozilla.org	WARN	Loading extension 'screenshots@mozilla.org': Reading manifest: Invalid extension permission: mozillaAddons
1571323373565	addons.webextension.screenshots@mozilla.org	WARN	Loading extension 'screenshots@mozilla.org': Reading manifest: Invalid extension permission: telemetry
1571323373565	addons.webextension.screenshots@mozilla.org	WARN	Loading extension 'screenshots@mozilla.org': Reading manifest: Invalid extension permission: resource://pdf.js/
1571323373565	addons.webextension.screenshots@mozilla.org	WARN	Loading extension 'screenshots@mozilla.org': Reading manifest: Invalid extension permission: about:reader*
1571323375848	Marionette	INFO	Listening on port 44397
1571323375904	Marionette	WARN	TLS certificate errors will be ignored for this session
1571323384641	Marionette	INFO	Stopped listening on port 44397
1571325498534	mozrunner::runner	INFO	Running command: "/usr/bin/firefox" "-marionette" "-headless" "-foreground" "-no-remote" "-profile" "/tmp/rust_mozprofileZdvZ1I"
*** You are running in headless mode.
1571325499038	addons.webextension.screenshots@mozilla.org	WARN	Loading extension 'screenshots@mozilla.org': Reading manifest: Invalid extension permission: mozillaAddons
1571325499038	addons.webextension.screenshots@mozilla.org	WARN	Loading extension 'screenshots@mozilla.org': Reading manifest: Invalid extension permission: telemetry
1571325499038	addons.webextension.screenshots@mozilla.org	WARN	Loading extension 'screenshots@mozilla.org': Reading manifest: Invalid extension permission: resource://pdf.js/
1571325499038	addons.webextension.screenshots@mozilla.org	WARN	Loading extension 'screenshots@mozilla.org': Reading manifest: Invalid extension permission: about:reader*
1571325501295	Marionette	INFO	Listening on port 37569
1571325501349	Marionette	WARN	TLS certificate errors will be ignored for this session
1571325528430	mozrunner::runner	INFO	Running command: "/usr/bin/firefox" "-marionette" "-headless" "-foreground" "-no-remote" "-profile" "/tmp/rust_mozprofile4pPYCU"
*** You are running in headless mode.
1571325528907	addons.webextension.screenshots@mozilla.org	WARN	Loading extension 'screenshots@mozilla.org': Reading manifest: Invalid extension permission: mozillaAddons
1571325528907	addons.webextension.screenshots@mozilla.org	WARN	Loading extension 'screenshots@mozilla.org': Reading manifest: Invalid extension permission: telemetry
1571325528908	addons.webextension.screenshots@mozilla.org	WARN	Loading extension 'screenshots@mozilla.org': Reading manifest: Invalid extension permission: resource://pdf.js/
1571325528908	addons.webextension.screenshots@mozilla.org	WARN	Loading extension 'screenshots@mozilla.org': Reading manifest: Invalid extension permission: about:reader*
1571325531266	Marionette	INFO	Listening on port 40925
1571325531338	Marionette	WARN	TLS certificate errors will be ignored for this session
1571326146159	mozrunner::runner	INFO	Running command: "/usr/bin/firefox" "-marionette" "-headless" "-foreground" "-no-remote" "-profile" "/tmp/rust_mozprofile5rOWGZ"
*** You are running in headless mode.
1571326146641	addons.webextension.screenshots@mozilla.org	WARN	Loading extension 'screenshots@mozilla.org': Reading manifest: Invalid extension permission: mozillaAddons
1571326146641	addons.webextension.screenshots@mozilla.org	WARN	Loading extension 'screenshots@mozilla.org': Reading manifest: Invalid extension permission: telemetry
1571326146642	addons.webextension.screenshots@mozilla.org	WARN	Loading extension 'screenshots@mozilla.org': Reading manifest: Invalid extension permission: resource://pdf.js/
1571326146642	addons.webextension.screenshots@mozilla.org	WARN	Loading extension 'screenshots@mozilla.org': Reading manifest: Invalid extension permission: about:reader*
1571326149020	Marionette	INFO	Listening on port 34525
1571326149069	Marionette	WARN	TLS certificate errors will be ignored for this session
1571326544937	mozrunner::runner	INFO	Running command: "/usr/bin/firefox" "-marionette" "-headless" "-foreground" "-no-remote" "-profile" "/tmp/rust_mozprofileozVhZ4"
*** You are running in headless mode.
1571326545568	addons.webextension.screenshots@mozilla.org	WARN	Loading extension 'screenshots@mozilla.org': Reading manifest: Invalid extension permission: mozillaAddons
1571326545568	addons.webextension.screenshots@mozilla.org	WARN	Loading extension 'screenshots@mozilla.org': Reading manifest: Invalid extension permission: telemetry
1571326545568	addons.webextension.screenshots@mozilla.org	WARN	Loading extension 'screenshots@mozilla.org': Reading manifest: Invalid extension permission: resource://pdf.js/
1571326545569	addons.webextension.screenshots@mozilla.org	WARN	Loading extension 'screenshots@mozilla.org': Reading manifest: Invalid extension permission: about:reader*
1571326547844	Marionette	INFO	Listening on port 39139
1571326547945	Marionette	WARN	TLS certificate errors will be ignored for this session
1571326591907	mozrunner::runner	INFO	Running command: "/usr/bin/firefox" "-marionette" "-headless" "-foreground" "-no-remote" "-profile" "/tmp/rust_mozprofile580jZp"
*** You are running in headless mode.
1571326592409	addons.webextension.screenshots@mozilla.org	WARN	Loading extension 'screenshots@mozilla.org': Reading manifest: Invalid extension permission: mozillaAddons
1571326592409	addons.webextension.screenshots@mozilla.org	WARN	Loading extension 'screenshots@mozilla.org': Reading manifest: Invalid extension permission: telemetry
1571326592410	addons.webextension.screenshots@mozilla.org	WARN	Loading extension 'screenshots@mozilla.org': Reading manifest: Invalid extension permission: resource://pdf.js/
1571326592410	addons.webextension.screenshots@mozilla.org	WARN	Loading extension 'screenshots@mozilla.org': Reading manifest: Invalid extension permission: about:reader*
1571326594780	Marionette	INFO	Listening on port 39399
1571326594816	Marionette	WARN	TLS certificate errors will be ignored for this session
1573055937733	mozrunner::runner	INFO	Running command: "/usr/bin/firefox" "-marionette" "-headless" "-foreground" "-no-remote" "-profile" "/tmp/rust_mozprofileRh7eDc"
*** You are running in headless mode.
1573055938542	addons.webextension.screenshots@mozilla.org	WARN	Loading extension 'screenshots@mozilla.org': Reading manifest: Invalid extension permission: mozillaAddons
1573055938542	addons.webextension.screenshots@mozilla.org	WARN	Loading extension 'screenshots@mozilla.org': Reading manifest: Invalid extension permission: telemetry
1573055938543	addons.webextension.screenshots@mozilla.org	WARN	Loading extension 'screenshots@mozilla.org': Reading manifest: Invalid extension permission: resource://pdf.js/
1573055938543	addons.webextension.screenshots@mozilla.org	WARN	Loading extension 'screenshots@mozilla.org': Reading manifest: Invalid extension permission: about:reader*
1573055940926	Marionette	INFO	Listening on port 46869
1573055940950	Marionette	WARN	TLS certificate errors will be ignored for this session
1573056066534	mozrunner::runner	INFO	Running command: "/usr/bin/firefox" "-marionette" "-headless" "-foreground" "-no-remote" "-profile" "/tmp/rust_mozprofileLZj0CG"
*** You are running in headless mode.
1573056067036	addons.webextension.screenshots@mozilla.org	WARN	Loading extension 'screenshots@mozilla.org': Reading manifest: Invalid extension permission: mozillaAddons
1573056067036	addons.webextension.screenshots@mozilla.org	WARN	Loading extension 'screenshots@mozilla.org': Reading manifest: Invalid extension permission: telemetry
1573056067037	addons.webextension.screenshots@mozilla.org	WARN	Loading extension 'screenshots@mozilla.org': Reading manifest: Invalid extension permission: resource://pdf.js/
1573056067037	addons.webextension.screenshots@mozilla.org	WARN	Loading extension 'screenshots@mozilla.org': Reading manifest: Invalid extension permission: about:reader*
1573056069320	Marionette	INFO	Listening on port 41649
1573056069342	Marionette	WARN	TLS certificate errors will be ignored for this session
1573057659542	mozrunner::runner	INFO	Running command: "/usr/bin/firefox" "-marionette" "-headless" "-foreground" "-no-remote" "-profile" "/tmp/rust_mozprofileGO0C8o"
*** You are running in headless mode.
1573057660031	addons.webextension.screenshots@mozilla.org	WARN	Loading extension 'screenshots@mozilla.org': Reading manifest: Invalid extension permission: mozillaAddons
1573057660031	addons.webextension.screenshots@mozilla.org	WARN	Loading extension 'screenshots@mozilla.org': Reading manifest: Invalid extension permission: telemetry
1573057660031	addons.webextension.screenshots@mozilla.org	WARN	Loading extension 'screenshots@mozilla.org': Reading manifest: Invalid extension permission: resource://pdf.js/
1573057660032	addons.webextension.screenshots@mozilla.org	WARN	Loading extension 'screenshots@mozilla.org': Reading manifest: Invalid extension permission: about:reader*
1573057662269	Marionette	INFO	Listening on port 39773
1573057662352	Marionette	WARN	TLS certificate errors will be ignored for this session
1573057690652	mozrunner::runner	INFO	Running command: "/usr/bin/firefox" "-marionette" "-headless" "-foreground" "-no-remote" "-profile" "/tmp/rust_mozprofileb0hk0q"
*** You are running in headless mode.
1573057691133	addons.webextension.screenshots@mozilla.org	WARN	Loading extension 'screenshots@mozilla.org': Reading manifest: Invalid extension permission: mozillaAddons
1573057691133	addons.webextension.screenshots@mozilla.org	WARN	Loading extension 'screenshots@mozilla.org': Reading manifest: Invalid extension permission: telemetry
1573057691133	addons.webextension.screenshots@mozilla.org	WARN	Loading extension 'screenshots@mozilla.org': Reading manifest: Invalid extension permission: resource://pdf.js/
1573057691133	addons.webextension.screenshots@mozilla.org	WARN	Loading extension 'screenshots@mozilla.org': Reading manifest: Invalid extension permission: about:reader*
1573057693445	Marionette	INFO	Listening on port 36555
1573057693463	Marionette	WARN	TLS certificate errors will be ignored for this session
1573058004229	mozrunner::runner	INFO	Running command: "/usr/bin/firefox" "-marionette" "-headless" "-foreground" "-no-remote" "-profile" "/tmp/rust_mozprofilexnEGvu"
*** You are running in headless mode.
1573058004713	addons.webextension.screenshots@mozilla.org	WARN	Loading extension 'screenshots@mozilla.org': Reading manifest: Invalid extension permission: mozillaAddons
1573058004713	addons.webextension.screenshots@mozilla.org	WARN	Loading extension 'screenshots@mozilla.org': Reading manifest: Invalid extension permission: telemetry
1573058004713	addons.webextension.screenshots@mozilla.org	WARN	Loading extension 'screenshots@mozilla.org': Reading manifest: Invalid extension permission: resource://pdf.js/
1573058004714	addons.webextension.screenshots@mozilla.org	WARN	Loading extension 'screenshots@mozilla.org': Reading manifest: Invalid extension permission: about:reader*
1573058006973	Marionette	INFO	Listening on port 43499
1573058007037	Marionette	WARN	TLS certificate errors will be ignored for this session
1573058023124	mozrunner::runner	INFO	Running command: "/usr/bin/firefox" "-marionette" "-headless" "-foreground" "-no-remote" "-profile" "/tmp/rust_mozprofileeEE2pP"
*** You are running in headless mode.
1573058023607	addons.webextension.screenshots@mozilla.org	WARN	Loading extension 'screenshots@mozilla.org': Reading manifest: Invalid extension permission: mozillaAddons
1573058023608	addons.webextension.screenshots@mozilla.org	WARN	Loading extension 'screenshots@mozilla.org': Reading manifest: Invalid extension permission: telemetry
1573058023608	addons.webextension.screenshots@mozilla.org	WARN	Loading extension 'screenshots@mozilla.org': Reading manifest: Invalid extension permission: resource://pdf.js/
1573058023608	addons.webextension.screenshots@mozilla.org	WARN	Loading extension 'screenshots@mozilla.org': Reading manifest: Invalid extension permission: about:reader*
1573058025840	Marionette	INFO	Listening on port 42867
1573058025932	Marionette	WARN	TLS certificate errors will be ignored for this session
1573058400416	mozrunner::runner	INFO	Running command: "/usr/bin/firefox" "-marionette" "-headless" "-foreground" "-no-remote" "-profile" "/tmp/rust_mozprofile2PFs4s"
*** You are running in headless mode.
1573058400918	addons.webextension.screenshots@mozilla.org	WARN	Loading extension 'screenshots@mozilla.org': Reading manifest: Invalid extension permission: mozillaAddons
1573058400918	addons.webextension.screenshots@mozilla.org	WARN	Loading extension 'screenshots@mozilla.org': Reading manifest: Invalid extension permission: telemetry
1573058400918	addons.webextension.screenshots@mozilla.org	WARN	Loading extension 'screenshots@mozilla.org': Reading manifest: Invalid extension permission: resource://pdf.js/
1573058400918	addons.webextension.screenshots@mozilla.org	WARN	Loading extension 'screenshots@mozilla.org': Reading manifest: Invalid extension permission: about:reader*
1573058403300	Marionette	INFO	Listening on port 43561
1573058403328	Marionette	WARN	TLS certificate errors will be ignored for this session
Exiting due to channel error.
Exiting due to channel error.
[GFX1-]: Receive IPC close with reason=AbnormalShutdown
[Child 5830, Chrome_ChildThread] WARNING: pipe error (3): Connection reset by peer: file /build/firefox-y_KX3Y/firefox-69.0.1+build1/ipc/chromium/src/chrome/common/ipc_channel_posix.cc, line 358
Exiting due to channel error.
1573143659538	mozrunner::runner	INFO	Running command: "/usr/bin/firefox" "-marionette" "-headless" "-foreground" "-no-remote" "-profile" "/tmp/rust_mozprofile5cai73"
*** You are running in headless mode.
1573143660339	addons.webextension.screenshots@mozilla.org	WARN	Loading extension 'screenshots@mozilla.org': Reading manifest: Invalid extension permission: mozillaAddons
1573143660339	addons.webextension.screenshots@mozilla.org	WARN	Loading extension 'screenshots@mozilla.org': Reading manifest: Invalid extension permission: telemetry
1573143660340	addons.webextension.screenshots@mozilla.org	WARN	Loading extension 'screenshots@mozilla.org': Reading manifest: Invalid extension permission: resource://pdf.js/
1573143660340	addons.webextension.screenshots@mozilla.org	WARN	Loading extension 'screenshots@mozilla.org': Reading manifest: Invalid extension permission: about:reader*
1573143662746	Marionette	INFO	Listening on port 35681
1573143662847	Marionette	WARN	TLS certificate errors will be ignored for this session
1573143901265	mozrunner::runner	INFO	Running command: "/usr/bin/firefox" "-marionette" "-headless" "-foreground" "-no-remote" "-profile" "/tmp/rust_mozprofileuOPeDo"
*** You are running in headless mode.
1573143901740	addons.webextension.screenshots@mozilla.org	WARN	Loading extension 'screenshots@mozilla.org': Reading manifest: Invalid extension permission: mozillaAddons
1573143901740	addons.webextension.screenshots@mozilla.org	WARN	Loading extension 'screenshots@mozilla.org': Reading manifest: Invalid extension permission: telemetry
1573143901740	addons.webextension.screenshots@mozilla.org	WARN	Loading extension 'screenshots@mozilla.org': Reading manifest: Invalid extension permission: resource://pdf.js/
1573143901740	addons.webextension.screenshots@mozilla.org	WARN	Loading extension 'screenshots@mozilla.org': Reading manifest: Invalid extension permission: about:reader*
1573143904144	Marionette	INFO	Listening on port 44397
1573143904178	Marionette	WARN	TLS certificate errors will be ignored for this session
1573143970148	mozrunner::runner	INFO	Running command: "/usr/bin/firefox" "-marionette" "-headless" "-foreground" "-no-remote" "-profile" "/tmp/rust_mozprofilemUDnaw"
*** You are running in headless mode.
1573143970649	addons.webextension.screenshots@mozilla.org	WARN	Loading extension 'screenshots@mozilla.org': Reading manifest: Invalid extension permission: mozillaAddons
1573143970649	addons.webextension.screenshots@mozilla.org	WARN	Loading extension 'screenshots@mozilla.org': Reading manifest: Invalid extension permission: telemetry
1573143970650	addons.webextension.screenshots@mozilla.org	WARN	Loading extension 'screenshots@mozilla.org': Reading manifest: Invalid extension permission: resource://pdf.js/
1573143970650	addons.webextension.screenshots@mozilla.org	WARN	Loading extension 'screenshots@mozilla.org': Reading manifest: Invalid extension permission: about:reader*
1573143972866	Marionette	INFO	Listening on port 41835
1573143972956	Marionette	WARN	TLS certificate errors will be ignored for this session
1573143986260	mozrunner::runner	INFO	Running command: "/usr/bin/firefox" "-marionette" "-headless" "-foreground" "-no-remote" "-profile" "/tmp/rust_mozprofilerpAgwB"
*** You are running in headless mode.
1573143986750	addons.webextension.screenshots@mozilla.org	WARN	Loading extension 'screenshots@mozilla.org': Reading manifest: Invalid extension permission: mozillaAddons
1573143986751	addons.webextension.screenshots@mozilla.org	WARN	Loading extension 'screenshots@mozilla.org': Reading manifest: Invalid extension permission: telemetry
1573143986751	addons.webextension.screenshots@mozilla.org	WARN	Loading extension 'screenshots@mozilla.org': Reading manifest: Invalid extension permission: resource://pdf.js/
1573143986751	addons.webextension.screenshots@mozilla.org	WARN	Loading extension 'screenshots@mozilla.org': Reading manifest: Invalid extension permission: about:reader*
1573143989129	Marionette	INFO	Listening on port 43727
1573143989169	Marionette	WARN	TLS certificate errors will be ignored for this session
1573144177909	mozrunner::runner	INFO	Running command: "/usr/bin/firefox" "-marionette" "-headless" "-foreground" "-no-remote" "-profile" "/tmp/rust_mozprofileM8dI35"
*** You are running in headless mode.
1573144178391	addons.webextension.screenshots@mozilla.org	WARN	Loading extension 'screenshots@mozilla.org': Reading manifest: Invalid extension permission: mozillaAddons
1573144178391	addons.webextension.screenshots@mozilla.org	WARN	Loading extension 'screenshots@mozilla.org': Reading manifest: Invalid extension permission: telemetry
1573144178392	addons.webextension.screenshots@mozilla.org	WARN	Loading extension 'screenshots@mozilla.org': Reading manifest: Invalid extension permission: resource://pdf.js/
1573144178392	addons.webextension.screenshots@mozilla.org	WARN	Loading extension 'screenshots@mozilla.org': Reading manifest: Invalid extension permission: about:reader*
1573144180669	Marionette	INFO	Listening on port 34347
1573144180718	Marionette	WARN	TLS certificate errors will be ignored for this session
1573144318256	mozrunner::runner	INFO	Running command: "/usr/bin/firefox" "-marionette" "-headless" "-foreground" "-no-remote" "-profile" "/tmp/rust_mozprofileG0t4ME"
*** You are running in headless mode.
1573144318744	addons.webextension.screenshots@mozilla.org	WARN	Loading extension 'screenshots@mozilla.org': Reading manifest: Invalid extension permission: mozillaAddons
1573144318744	addons.webextension.screenshots@mozilla.org	WARN	Loading extension 'screenshots@mozilla.org': Reading manifest: Invalid extension permission: telemetry
1573144318745	addons.webextension.screenshots@mozilla.org	WARN	Loading extension 'screenshots@mozilla.org': Reading manifest: Invalid extension permission: resource://pdf.js/
1573144318745	addons.webextension.screenshots@mozilla.org	WARN	Loading extension 'screenshots@mozilla.org': Reading manifest: Invalid extension permission: about:reader*
1573144321056	Marionette	INFO	Listening on port 44119
1573144321067	Marionette	WARN	TLS certificate errors will be ignored for this session
1573144608130	mozrunner::runner	INFO	Running command: "/usr/bin/firefox" "-marionette" "-headless" "-foreground" "-no-remote" "-profile" "/tmp/rust_mozprofilewNzXo9"
*** You are running in headless mode.
1573144608614	addons.webextension.screenshots@mozilla.org	WARN	Loading extension 'screenshots@mozilla.org': Reading manifest: Invalid extension permission: mozillaAddons
1573144608614	addons.webextension.screenshots@mozilla.org	WARN	Loading extension 'screenshots@mozilla.org': Reading manifest: Invalid extension permission: telemetry
1573144608614	addons.webextension.screenshots@mozilla.org	WARN	Loading extension 'screenshots@mozilla.org': Reading manifest: Invalid extension permission: resource://pdf.js/
1573144608615	addons.webextension.screenshots@mozilla.org	WARN	Loading extension 'screenshots@mozilla.org': Reading manifest: Invalid extension permission: about:reader*
1573144610913	Marionette	INFO	Listening on port 35709
1573144610940	Marionette	WARN	TLS certificate errors will be ignored for this session
1573144676176	mozrunner::runner	INFO	Running command: "/usr/bin/firefox" "-marionette" "-headless" "-foreground" "-no-remote" "-profile" "/tmp/rust_mozprofilelU3Ewq"
*** You are running in headless mode.
1573144676656	addons.webextension.screenshots@mozilla.org	WARN	Loading extension 'screenshots@mozilla.org': Reading manifest: Invalid extension permission: mozillaAddons
1573144676656	addons.webextension.screenshots@mozilla.org	WARN	Loading extension 'screenshots@mozilla.org': Reading manifest: Invalid extension permission: telemetry
1573144676657	addons.webextension.screenshots@mozilla.org	WARN	Loading extension 'screenshots@mozilla.org': Reading manifest: Invalid extension permission: resource://pdf.js/
1573144676657	addons.webextension.screenshots@mozilla.org	WARN	Loading extension 'screenshots@mozilla.org': Reading manifest: Invalid extension permission: about:reader*
1573144678979	Marionette	INFO	Listening on port 38001
1573144678998	Marionette	WARN	TLS certificate errors will be ignored for this session
1573145322043	mozrunner::runner	INFO	Running command: "/usr/bin/firefox" "-marionette" "-headless" "-foreground" "-no-remote" "-profile" "/tmp/rust_mozprofileERduKw"
*** You are running in headless mode.
1573145322538	addons.webextension.screenshots@mozilla.org	WARN	Loading extension 'screenshots@mozilla.org': Reading manifest: Invalid extension permission: mozillaAddons
1573145322538	addons.webextension.screenshots@mozilla.org	WARN	Loading extension 'screenshots@mozilla.org': Reading manifest: Invalid extension permission: telemetry
1573145322539	addons.webextension.screenshots@mozilla.org	WARN	Loading extension 'screenshots@mozilla.org': Reading manifest: Invalid extension permission: resource://pdf.js/
1573145322539	addons.webextension.screenshots@mozilla.org	WARN	Loading extension 'screenshots@mozilla.org': Reading manifest: Invalid extension permission: about:reader*
1573145324828	Marionette	INFO	Listening on port 38507
1573145324853	Marionette	WARN	TLS certificate errors will be ignored for this session
Exiting due to channel error.
Exiting due to channel error.
Exiting due to channel error.
